This file contains any messages produced by compilers while
running configure, to aid debugging if configure makes a mistake.

It was created by smbsearch configure 0.3.2, which was
generated by GNU Autoconf 2.68.  Invocation command line was

  $ ./configure 

## --------- ##
## Platform. ##
## --------- ##

hostname = dimhost
uname -m = i686
uname -r = 2.6.36-ck
uname -s = Linux
uname -v = #1 SMP PREEMPT Sat Nov 20 11:58:35 MSK 2010

/usr/bin/uname -p = unknown
/bin/uname -X     = unknown

/bin/arch              = i686
/usr/bin/arch -k       = unknown
/usr/convex/getsysinfo = unknown
/usr/bin/hostinfo      = unknown
/bin/machine           = unknown
/usr/bin/oslevel       = unknown
/bin/universe          = unknown

PATH: /bin
PATH: /usr/bin
PATH: /sbin
PATH: /usr/sbin
PATH: /opt/mpich2/bin
PATH: /usr/bin/vendor_perl
PATH: /usr/bin/core_perl


## ----------- ##
## Core tests. ##
## ----------- ##

configure:1940: checking build system type
configure:1954: result: i686-pc-linux-gnu
configure:1974: checking host system type
configure:1987: result: i686-pc-linux-gnu
configure:2007: checking target system type
configure:2020: result: i686-pc-linux-gnu
configure:2075: checking for a BSD-compatible install
configure:2143: result: /bin/install -c
configure:2154: checking whether build environment is sane
configure:2204: result: yes
configure:2345: checking for a thread-safe mkdir -p
configure:2384: result: /bin/mkdir -p
configure:2397: checking for gawk
configure:2413: found /bin/gawk
configure:2424: result: gawk
configure:2435: checking whether make sets $(MAKE)
configure:2457: result: yes
configure:2599: checking for g++-3.4
configure:2629: result: no
configure:2599: checking for g++34
configure:2629: result: no
configure:2599: checking for g++
configure:2615: found /usr/bin/g++
configure:2626: result: g++
configure:2653: checking for C++ compiler version
configure:2662: g++ --version >&5
g++ (GCC) 4.5.2 20110127 (prerelease)
Copyright (C) 2010 Free Software Foundation, Inc.
This is free software; see the source for copying conditions.  There is NO
warranty; not even for MERCHANTABILITY or FITNESS FOR A PARTICULAR PURPOSE.

configure:2673: $? = 0
configure:2662: g++ -v >&5
Using built-in specs.
COLLECT_GCC=g++
COLLECT_LTO_WRAPPER=/usr/lib/gcc/i686-pc-linux-gnu/4.5.2/lto-wrapper
Target: i686-pc-linux-gnu
Configured with: /build/src/gcc-4.5-20110127/configure --prefix=/usr --enable-languages=c,c++,fortran,objc,obj-c++,ada --enable-shared --enable-threads=posix --enable-__cxa_atexit --enable-clocale=gnu --enable-gnu-unique-object --enable-lto --enable-plugin --enable-gold --with-plugin-ld=ld.gold --disable-multilib --disable-libstdcxx-pch --with-system-zlib --with-ppl --with-cloog --with-cloog-include=/usr/include/cloog-ppl --libdir=/usr/lib --libexecdir=/usr/lib --mandir=/usr/share/man --infodir=/usr/share/info
Thread model: posix
gcc version 4.5.2 20110127 (prerelease) (GCC) 
configure:2673: $? = 0
configure:2662: g++ -V >&5
g++: '-V' option must have argument
configure:2673: $? = 1
configure:2662: g++ -qversion >&5
g++: unrecognized option '-qversion'
g++: no input files
configure:2673: $? = 1
configure:2693: checking whether the C++ compiler works
configure:2715: g++   -DLINUX -march=i686   conftest.cpp  >&5
configure:2719: $? = 0
configure:2767: result: yes
configure:2770: checking for C++ compiler default output file name
configure:2772: result: a.out
configure:2778: checking for suffix of executables
configure:2785: g++ -o conftest   -DLINUX -march=i686   conftest.cpp  >&5
configure:2789: $? = 0
configure:2811: result: 
configure:2833: checking whether we are cross compiling
configure:2841: g++ -o conftest   -DLINUX -march=i686   conftest.cpp  >&5
configure:2845: $? = 0
configure:2852: ./conftest
configure:2856: $? = 0
configure:2871: result: no
configure:2876: checking for suffix of object files
configure:2898: g++ -c   -DLINUX -march=i686  conftest.cpp >&5
configure:2902: $? = 0
configure:2923: result: o
configure:2927: checking whether we are using the GNU C++ compiler
configure:2946: g++ -c   -DLINUX -march=i686  conftest.cpp >&5
configure:2946: $? = 0
configure:2955: result: yes
configure:2964: checking whether g++ accepts -g
configure:2984: g++ -c -g  conftest.cpp >&5
configure:2984: $? = 0
configure:3025: result: yes
configure:3059: checking for style of include used by make
configure:3087: result: GNU
configure:3112: checking dependency style of g++
configure:3222: result: gcc3
configure:3286: checking for gcc
configure:3302: found /usr/bin/gcc
configure:3313: result: gcc
configure:3542: checking for C compiler version
configure:3551: gcc --version >&5
gcc (GCC) 4.5.2 20110127 (prerelease)
Copyright (C) 2010 Free Software Foundation, Inc.
This is free software; see the source for copying conditions.  There is NO
warranty; not even for MERCHANTABILITY or FITNESS FOR A PARTICULAR PURPOSE.

configure:3562: $? = 0
configure:3551: gcc -v >&5
Using built-in specs.
COLLECT_GCC=gcc
COLLECT_LTO_WRAPPER=/usr/lib/gcc/i686-pc-linux-gnu/4.5.2/lto-wrapper
Target: i686-pc-linux-gnu
Configured with: /build/src/gcc-4.5-20110127/configure --prefix=/usr --enable-languages=c,c++,fortran,objc,obj-c++,ada --enable-shared --enable-threads=posix --enable-__cxa_atexit --enable-clocale=gnu --enable-gnu-unique-object --enable-lto --enable-plugin --enable-gold --with-plugin-ld=ld.gold --disable-multilib --disable-libstdcxx-pch --with-system-zlib --with-ppl --with-cloog --with-cloog-include=/usr/include/cloog-ppl --libdir=/usr/lib --libexecdir=/usr/lib --mandir=/usr/share/man --infodir=/usr/share/info
Thread model: posix
gcc version 4.5.2 20110127 (prerelease) (GCC) 
configure:3562: $? = 0
configure:3551: gcc -V >&5
gcc: '-V' option must have argument
configure:3562: $? = 1
configure:3551: gcc -qversion >&5
gcc: unrecognized option '-qversion'
gcc: no input files
configure:3562: $? = 1
configure:3566: checking whether we are using the GNU C compiler
configure:3585: gcc -c   -DLINUX -march=i686  conftest.c >&5
configure:3585: $? = 0
configure:3594: result: yes
configure:3603: checking whether gcc accepts -g
configure:3623: gcc -c -g  conftest.c >&5
configure:3623: $? = 0
configure:3664: result: yes
configure:3681: checking for gcc option to accept ISO C89
configure:3745: gcc  -c   -DLINUX -march=i686  conftest.c >&5
configure:3745: $? = 0
configure:3758: result: none needed
configure:3780: checking dependency style of gcc
configure:3890: result: gcc3
configure:3911: checking how to run the C preprocessor
configure:3942: gcc -E  conftest.c
configure:3942: $? = 0
configure:3956: gcc -E  conftest.c
conftest.c:11:28: fatal error: ac_nonexistent.h: No such file or directory
compilation terminated.
configure:3956: $? = 1
configure: failed program was:
| /* confdefs.h */
| #define PACKAGE_NAME "smbsearch"
| #define PACKAGE_TARNAME "smbsearch"
| #define PACKAGE_VERSION "0.3.2"
| #define PACKAGE_STRING "smbsearch 0.3.2"
| #define PACKAGE_BUGREPORT ""
| #define PACKAGE_URL ""
| #define PACKAGE "smbsearch"
| #define VERSION "0.3.2"
| /* end confdefs.h.  */
| #include <ac_nonexistent.h>
configure:3981: result: gcc -E
configure:4001: gcc -E  conftest.c
configure:4001: $? = 0
configure:4015: gcc -E  conftest.c
conftest.c:11:28: fatal error: ac_nonexistent.h: No such file or directory
compilation terminated.
configure:4015: $? = 1
configure: failed program was:
| /* confdefs.h */
| #define PACKAGE_NAME "smbsearch"
| #define PACKAGE_TARNAME "smbsearch"
| #define PACKAGE_VERSION "0.3.2"
| #define PACKAGE_STRING "smbsearch 0.3.2"
| #define PACKAGE_BUGREPORT ""
| #define PACKAGE_URL ""
| #define PACKAGE "smbsearch"
| #define VERSION "0.3.2"
| /* end confdefs.h.  */
| #include <ac_nonexistent.h>
configure:4044: checking for grep that handles long lines and -e
configure:4102: result: /bin/grep
configure:4107: checking for egrep
configure:4169: result: /bin/grep -E
configure:4174: checking for ANSI C header files
configure:4194: gcc -c   -DLINUX -march=i686  conftest.c >&5
configure:4194: $? = 0
configure:4267: gcc -o conftest   -DLINUX -march=i686   conftest.c  >&5
configure:4267: $? = 0
configure:4267: ./conftest
configure:4267: $? = 0
configure:4278: result: yes
configure:4462: creating ./config.status

## ---------------------- ##
## Running config.status. ##
## ---------------------- ##

This file was extended by smbsearch config.status 0.3.2, which was
generated by GNU Autoconf 2.68.  Invocation command line was

  CONFIG_FILES    = 
  CONFIG_HEADERS  = 
  CONFIG_LINKS    = 
  CONFIG_COMMANDS = 
  $ ./config.status 

on dimhost

config.status:801: creating Makefile
config.status:801: creating fsearch/Makefile
config.status:973: executing depfiles commands

## ---------------- ##
## Cache variables. ##
## ---------------- ##

ac_cv_build=i686-pc-linux-gnu
ac_cv_c_compiler_gnu=yes
ac_cv_cxx_compiler_gnu=yes
ac_cv_env_CCC_set=
ac_cv_env_CCC_value=
ac_cv_env_CC_set=
ac_cv_env_CC_value=
ac_cv_env_CFLAGS_set=
ac_cv_env_CFLAGS_value=
ac_cv_env_CPPFLAGS_set=
ac_cv_env_CPPFLAGS_value=
ac_cv_env_CPP_set=
ac_cv_env_CPP_value=
ac_cv_env_CXXFLAGS_set=
ac_cv_env_CXXFLAGS_value=
ac_cv_env_CXX_set=
ac_cv_env_CXX_value=
ac_cv_env_LDFLAGS_set=
ac_cv_env_LDFLAGS_value=
ac_cv_env_LIBS_set=
ac_cv_env_LIBS_value=
ac_cv_env_build_alias_set=
ac_cv_env_build_alias_value=
ac_cv_env_host_alias_set=
ac_cv_env_host_alias_value=
ac_cv_env_target_alias_set=
ac_cv_env_target_alias_value=
ac_cv_header_stdc=yes
ac_cv_host=i686-pc-linux-gnu
ac_cv_objext=o
ac_cv_path_EGREP='/bin/grep -E'
ac_cv_path_GREP=/bin/grep
ac_cv_path_install='/bin/install -c'
ac_cv_path_mkdir=/bin/mkdir
ac_cv_prog_AWK=gawk
ac_cv_prog_CPP='gcc -E'
ac_cv_prog_ac_ct_CC=gcc
ac_cv_prog_ac_ct_CXX=g++
ac_cv_prog_cc_c89=
ac_cv_prog_cc_g=yes
ac_cv_prog_cxx_g=yes
ac_cv_prog_make_make_set=yes
ac_cv_target=i686-pc-linux-gnu
am_cv_CC_dependencies_compiler_type=gcc3
am_cv_CXX_dependencies_compiler_type=gcc3

## ----------------- ##
## Output variables. ##
## ----------------- ##

ACLOCAL='${SHELL} /home/dimert/mipt_smb_search/fastsmbsearch/missing --run aclocal-1.11'
AMDEPBACKSLASH='\'
AMDEP_FALSE='#'
AMDEP_TRUE=''
AMTAR='${SHELL} /home/dimert/mipt_smb_search/fastsmbsearch/missing --run tar'
AUTOCONF='${SHELL} /home/dimert/mipt_smb_search/fastsmbsearch/missing --run autoconf'
AUTOHEADER='${SHELL} /home/dimert/mipt_smb_search/fastsmbsearch/missing --run autoheader'
AUTOMAKE='${SHELL} /home/dimert/mipt_smb_search/fastsmbsearch/missing --run automake-1.11'
AWK='gawk'
CC='gcc'
CCDEPMODE='depmode=gcc3'
CFLAGS='  -DLINUX -march=i686'
CPP='gcc -E'
CPPFLAGS=''
CXX='g++'
CXXDEPMODE='depmode=gcc3'
CXXFLAGS='  -DLINUX -march=i686'
CYGPATH_W='echo'
DEFS='-DPACKAGE_NAME=\"smbsearch\" -DPACKAGE_TARNAME=\"smbsearch\" -DPACKAGE_VERSION=\"0.3.2\" -DPACKAGE_STRING=\"smbsearch\ 0.3.2\" -DPACKAGE_BUGREPORT=\"\" -DPACKAGE_URL=\"\" -DPACKAGE=\"smbsearch\" -DVERSION=\"0.3.2\" -DSTDC_HEADERS=1'
DEPDIR='.deps'
ECHO_C=''
ECHO_N='-n'
ECHO_T=''
EGREP='/bin/grep -E'
EXEEXT=''
GREP='/bin/grep'
INSTALL_DATA='${INSTALL} -m 644'
INSTALL_PROGRAM='${INSTALL}'
INSTALL_SCRIPT='${INSTALL}'
INSTALL_STRIP_PROGRAM='$(install_sh) -c -s'
LDFLAGS=''
LIBOBJS=''
LIBS=''
LTLIBOBJS=''
MAKEINFO='${SHELL} /home/dimert/mipt_smb_search/fastsmbsearch/missing --run makeinfo'
MKDIR_P='/bin/mkdir -p'
OBJEXT='o'
PACKAGE='smbsearch'
PACKAGE_BUGREPORT=''
PACKAGE_NAME='smbsearch'
PACKAGE_STRING='smbsearch 0.3.2'
PACKAGE_TARNAME='smbsearch'
PACKAGE_URL=''
PACKAGE_VERSION='0.3.2'
PATH_SEPARATOR=':'
SET_MAKE=''
SHELL='/bin/sh'
STRIP=''
VERSION='0.3.2'
ac_ct_CC='gcc'
ac_ct_CXX='g++'
am__EXEEXT_FALSE=''
am__EXEEXT_TRUE='#'
am__fastdepCC_FALSE='#'
am__fastdepCC_TRUE=''
am__fastdepCXX_FALSE='#'
am__fastdepCXX_TRUE=''
am__include='include'
am__isrc=''
am__leading_dot='.'
am__quote=''
am__tar='${AMTAR} chof - "$$tardir"'
am__untar='${AMTAR} xf -'
bindir='${exec_prefix}/bin'
build='i686-pc-linux-gnu'
build_alias=''
build_cpu='i686'
build_os='linux-gnu'
build_vendor='pc'
datadir='${datarootdir}'
datarootdir='${prefix}/share'
docdir='${datarootdir}/doc/${PACKAGE_TARNAME}'
dvidir='${docdir}'
exec_prefix='${prefix}'
host='i686-pc-linux-gnu'
host_alias=''
host_cpu='i686'
host_os='linux-gnu'
host_vendor='pc'
htmldir='${docdir}'
includedir='${prefix}/include'
infodir='${datarootdir}/info'
install_sh='${SHELL} /home/dimert/mipt_smb_search/fastsmbsearch/install-sh'
libdir='${exec_prefix}/lib'
libexecdir='${exec_prefix}/libexec'
localedir='${datarootdir}/locale'
localstatedir='${prefix}/var'
mandir='${datarootdir}/man'
mkdir_p='/bin/mkdir -p'
oldincludedir='/usr/include'
pdfdir='${docdir}'
prefix='/usr/local'
program_transform_name='s,x,x,'
psdir='${docdir}'
sbindir='${exec_prefix}/sbin'
sharedstatedir='${prefix}/com'
sysconfdir='${prefix}/etc'
target='i686-pc-linux-gnu'
target_alias=''
target_cpu='i686'
target_os='linux-gnu'
target_vendor='pc'

## ----------- ##
## confdefs.h. ##
## ----------- ##

/* confdefs.h */
#define PACKAGE_NAME "smbsearch"
#define PACKAGE_TARNAME "smbsearch"
#define PACKAGE_VERSION "0.3.2"
#define PACKAGE_STRING "smbsearch 0.3.2"
#define PACKAGE_BUGREPORT ""
#define PACKAGE_URL ""
#define PACKAGE "smbsearch"
#define VERSION "0.3.2"
#define STDC_HEADERS 1

configure: exit 0
