0.00000 0.00000 0.00000
0.00000 0.10000 0.00000
0.00000 0.20000 0.14366
0.00000 0.30000 0.49642
0.00000 0.40000 0.80803
0.00000 0.50000 0.81977
0.00000 0.60000 0.53127
0.00000 0.70000 0.21167
0.00000 0.80000 0.15628
0.00000 0.90000 0.41657
0.03125 0.00000 0.00000
0.03125 0.10000 0.00000
0.03125 0.20000 0.14366
0.03125 0.30000 0.49642
0.03125 0.40000 0.80803
0.03125 0.50000 0.81977
0.03125 0.60000 0.53127
0.03125 0.70000 0.21167
0.03125 0.80000 0.15628
0.03125 0.90000 0.41657
0.06250 0.00000 0.00000
0.06250 0.10000 0.00000
0.06250 0.20000 0.14366
0.06250 0.30000 0.49642
0.06250 0.40000 0.80803
0.06250 0.50000 0.81977
0.06250 0.60000 0.53127
0.06250 0.70000 0.21167
0.06250 0.80000 0.15628
0.06250 0.90000 0.41657
0.09375 0.00000 0.00000
0.09375 0.10000 0.00000
0.09375 0.20000 0.14366
0.09375 0.30000 0.49642
0.09375 0.40000 0.80803
0.09375 0.50000 0.81977
0.09375 0.60000 0.53127
0.09375 0.70000 0.21167
0.09375 0.80000 0.15628
0.09375 0.90000 0.41657
0.12500 0.00000 0.00000
0.12500 0.10000 0.00000
0.12500 0.20000 0.14366
0.12500 0.30000 0.49642
0.12500 0.40000 0.80803
0.12500 0.50000 0.81977
0.12500 0.60000 0.53127
0.12500 0.70000 0.21167
0.12500 0.80000 0.15628
0.12500 0.90000 0.41657
0.15625 0.00000 0.00000
0.15625 0.10000 0.00000
0.15625 0.20000 0.14366
0.15625 0.30000 0.49642
0.15625 0.40000 0.80803
0.15625 0.50000 0.81977
0.15625 0.60000 0.53127
0.15625 0.70000 0.21167
0.15625 0.80000 0.15628
0.15625 0.90000 0.41657
0.18750 0.00000 0.00000
0.18750 0.10000 0.00000
0.18750 0.20000 0.14366
0.18750 0.30000 0.49642
0.18750 0.40000 0.80803
0.18750 0.50000 0.81977
0.18750 0.60000 0.53127
0.18750 0.70000 0.21167
0.18750 0.80000 0.15628
0.18750 0.90000 0.41657
0.21875 0.00000 0.00000
0.21875 0.10000 0.00000
0.21875 0.20000 0.14366
0.21875 0.30000 0.49642
0.21875 0.40000 0.80803
0.21875 0.50000 0.81977
0.21875 0.60000 0.53127
0.21875 0.70000 0.21167
0.21875 0.80000 0.15628
0.21875 0.90000 0.41657
0.25000 0.00000 0.00000
0.25000 0.10000 0.00000
0.25000 0.20000 0.14366
0.25000 0.30000 0.49642
0.25000 0.40000 0.80803
0.25000 0.50000 0.81977
0.25000 0.60000 0.53127
0.25000 0.70000 0.21167
0.25000 0.80000 0.15628
0.25000 0.90000 0.41657
0.28125 0.00000 0.00000
0.28125 0.10000 0.00000
0.28125 0.20000 0.14366
0.28125 0.30000 0.49642
0.28125 0.40000 0.80803
0.28125 0.50000 0.81977
0.28125 0.60000 0.53127
0.28125 0.70000 0.21167
0.28125 0.80000 0.15628
0.28125 0.90000 0.41657
0.31250 0.00000 0.00000
0.31250 0.10000 0.00000
0.31250 0.20000 0.14366
0.31250 0.30000 0.49642
0.31250 0.40000 0.80803
0.31250 0.50000 0.81977
0.31250 0.60000 0.53127
0.31250 0.70000 0.21167
0.31250 0.80000 0.15628
0.31250 0.90000 0.41657
0.34375 0.00000 0.00000
0.34375 0.10000 0.00000
0.34375 0.20000 0.14366
0.34375 0.30000 0.49642
0.34375 0.40000 0.80803
0.34375 0.50000 0.81977
0.34375 0.60000 0.53127
0.34375 0.70000 0.21167
0.34375 0.80000 0.15628
0.34375 0.90000 0.41657
0.37500 0.00000 0.00000
0.37500 0.10000 0.00000
0.37500 0.20000 0.14366
0.37500 0.30000 0.49642
0.37500 0.40000 0.80803
0.37500 0.50000 0.81977
0.37500 0.60000 0.53127
0.37500 0.70000 0.21167
0.37500 0.80000 0.15628
0.37500 0.90000 0.41657
0.40625 0.00000 0.00000
0.40625 0.10000 0.00000
0.40625 0.20000 0.14366
0.40625 0.30000 0.49642
0.40625 0.40000 0.80803
0.40625 0.50000 0.81977
0.40625 0.60000 0.53127
0.40625 0.70000 0.21167
0.40625 0.80000 0.15628
0.40625 0.90000 0.41657
0.43750 0.00000 0.00000
0.43750 0.10000 0.00000
0.43750 0.20000 0.14366
0.43750 0.30000 0.49642
0.43750 0.40000 0.80803
0.43750 0.50000 0.81977
0.43750 0.60000 0.53127
0.43750 0.70000 0.21167
0.43750 0.80000 0.15628
0.43750 0.90000 0.41657
0.46875 0.00000 0.00000
0.46875 0.10000 0.00000
0.46875 0.20000 0.14366
0.46875 0.30000 0.49642
0.46875 0.40000 0.80803
0.46875 0.50000 0.81977
0.46875 0.60000 0.53127
0.46875 0.70000 0.21167
0.46875 0.80000 0.15628
0.46875 0.90000 0.41657
0.50000 0.00000 0.00000
0.50000 0.10000 0.00000
0.50000 0.20000 0.14366
0.50000 0.30000 0.49642
0.50000 0.40000 0.80803
0.50000 0.50000 0.81977
0.50000 0.60000 0.53127
0.50000 0.70000 0.21167
0.50000 0.80000 0.15628
0.50000 0.90000 0.41657
0.53125 0.00000 0.00000
0.53125 0.10000 0.00000
0.53125 0.20000 0.14366
0.53125 0.30000 0.49642
0.53125 0.40000 0.80803
0.53125 0.50000 0.81977
0.53125 0.60000 0.53127
0.53125 0.70000 0.21167
0.53125 0.80000 0.15628
0.53125 0.90000 0.41657
0.56250 0.00000 0.00000
0.56250 0.10000 0.00000
0.56250 0.20000 0.14366
0.56250 0.30000 0.49642
0.56250 0.40000 0.80803
0.56250 0.50000 0.81977
0.56250 0.60000 0.53127
0.56250 0.70000 0.21167
0.56250 0.80000 0.15628
0.56250 0.90000 0.41657
0.59375 0.00000 0.00000
0.59375 0.10000 0.00000
0.59375 0.20000 0.14366
0.59375 0.30000 0.49642
0.59375 0.40000 0.80803
0.59375 0.50000 0.81977
0.59375 0.60000 0.53127
0.59375 0.70000 0.21167
0.59375 0.80000 0.15628
0.59375 0.90000 0.41657
0.62500 0.00000 0.00000
0.62500 0.10000 0.00000
0.62500 0.20000 0.14366
0.62500 0.30000 0.49642
0.62500 0.40000 0.80803
0.62500 0.50000 0.81977
0.62500 0.60000 0.53127
0.62500 0.70000 0.21167
0.62500 0.80000 0.15628
0.62500 0.90000 0.41657
0.65625 0.00000 0.00000
0.65625 0.10000 0.00000
0.65625 0.20000 0.14366
0.65625 0.30000 0.49642
0.65625 0.40000 0.80803
0.65625 0.50000 0.81977
0.65625 0.60000 0.53127
0.65625 0.70000 0.21167
0.65625 0.80000 0.15628
0.65625 0.90000 0.41657
0.68750 0.00000 0.00000
0.68750 0.10000 0.00000
0.68750 0.20000 0.14366
0.68750 0.30000 0.49642
0.68750 0.40000 0.80803
0.68750 0.50000 0.81977
0.68750 0.60000 0.53127
0.68750 0.70000 0.21167
0.68750 0.80000 0.15628
0.68750 0.90000 0.41657
0.71875 0.00000 0.00000
0.71875 0.10000 0.00000
0.71875 0.20000 0.14366
0.71875 0.30000 0.49642
0.71875 0.40000 0.80803
0.71875 0.50000 0.81977
0.71875 0.60000 0.53127
0.71875 0.70000 0.21167
0.71875 0.80000 0.15628
0.71875 0.90000 0.41657
0.75000 0.00000 0.00000
0.75000 0.10000 0.00000
0.75000 0.20000 0.14366
0.75000 0.30000 0.49642
0.75000 0.40000 0.80803
0.75000 0.50000 0.81977
0.75000 0.60000 0.53127
0.75000 0.70000 0.21167
0.75000 0.80000 0.15628
0.75000 0.90000 0.41657
0.78125 0.00000 0.00000
0.78125 0.10000 0.00000
0.78125 0.20000 0.14366
0.78125 0.30000 0.49642
0.78125 0.40000 0.80803
0.78125 0.50000 0.81977
0.78125 0.60000 0.53127
0.78125 0.70000 0.21167
0.78125 0.80000 0.15628
0.78125 0.90000 0.41657
0.81250 0.00000 0.00000
0.81250 0.10000 0.00000
0.81250 0.20000 0.14366
0.81250 0.30000 0.49642
0.81250 0.40000 0.80803
0.81250 0.50000 0.81977
0.81250 0.60000 0.53127
0.81250 0.70000 0.21167
0.81250 0.80000 0.15628
0.81250 0.90000 0.41657
0.84375 0.00000 0.00000
0.84375 0.10000 0.00000
0.84375 0.20000 0.14366
0.84375 0.30000 0.49642
0.84375 0.40000 0.80803
0.84375 0.50000 0.81977
0.84375 0.60000 0.53127
0.84375 0.70000 0.21167
0.84375 0.80000 0.15628
0.84375 0.90000 0.41657
0.87500 0.00000 0.00000
0.87500 0.10000 0.00000
0.87500 0.20000 0.14366
0.87500 0.30000 0.49642
0.87500 0.40000 0.80803
0.87500 0.50000 0.81977
0.87500 0.60000 0.53127
0.87500 0.70000 0.21167
0.87500 0.80000 0.15628
0.87500 0.90000 0.41657
0.90625 0.00000 0.00000
0.90625 0.10000 0.00000
0.90625 0.20000 0.14366
0.90625 0.30000 0.49642
0.90625 0.40000 0.80803
0.90625 0.50000 0.81977
0.90625 0.60000 0.53127
0.90625 0.70000 0.21167
0.90625 0.80000 0.15628
0.90625 0.90000 0.41657
0.93750 0.00000 0.00000
0.93750 0.10000 0.00000
0.93750 0.20000 0.14366
0.93750 0.30000 0.49642
0.93750 0.40000 0.80803
0.93750 0.50000 0.81977
0.93750 0.60000 0.53127
0.93750 0.70000 0.21167
0.93750 0.80000 0.15628
0.93750 0.90000 0.41657
0.96875 0.00000 0.00000
0.96875 0.10000 0.00000
0.96875 0.20000 0.14366
0.96875 0.30000 0.49642
0.96875 0.40000 0.80803
0.96875 0.50000 0.81977
0.96875 0.60000 0.53127
0.96875 0.70000 0.21167
0.96875 0.80000 0.15628
0.96875 0.90000 0.41657
1.00000 0.00000 0.00000
1.00000 0.10000 0.00000
1.00000 0.20000 0.14366
1.00000 0.30000 0.49642
1.00000 0.40000 0.80803
1.00000 0.50000 0.81977
1.00000 0.60000 0.53127
1.00000 0.70000 0.21167
1.00000 0.80000 0.15628
1.00000 0.90000 0.41657
1.03125 0.00000 0.00000
1.03125 0.10000 0.00000
1.03125 0.20000 0.14366
1.03125 0.30000 0.49642
1.03125 0.40000 0.80803
1.03125 0.50000 0.81977
1.03125 0.60000 0.53127
1.03125 0.70000 0.21167
1.03125 0.80000 0.15628
1.03125 0.90000 0.41657
1.06250 0.00000 0.00000
1.06250 0.10000 0.00000
1.06250 0.20000 0.14366
1.06250 0.30000 0.49642
1.06250 0.40000 0.80803
1.06250 0.50000 0.81977
1.06250 0.60000 0.53127
1.06250 0.70000 0.21167
1.06250 0.80000 0.15628
1.06250 0.90000 0.41657
1.09375 0.00000 0.00000
1.09375 0.10000 0.00000
1.09375 0.20000 0.14366
1.09375 0.30000 0.49642
1.09375 0.40000 0.80803
1.09375 0.50000 0.81977
1.09375 0.60000 0.53127
1.09375 0.70000 0.21167
1.09375 0.80000 0.15628
1.09375 0.90000 0.41657
1.12500 0.00000 0.00000
1.12500 0.10000 0.00000
1.12500 0.20000 0.14366
1.12500 0.30000 0.49642
1.12500 0.40000 0.80803
1.12500 0.50000 0.81977
1.12500 0.60000 0.53127
1.12500 0.70000 0.21167
1.12500 0.80000 0.15628
1.12500 0.90000 0.41657
1.15625 0.00000 0.00000
1.15625 0.10000 0.00000
1.15625 0.20000 0.14366
1.15625 0.30000 0.49642
1.15625 0.40000 0.80803
1.15625 0.50000 0.81977
1.15625 0.60000 0.53127
1.15625 0.70000 0.21167
1.15625 0.80000 0.15628
1.15625 0.90000 0.41657
1.18750 0.00000 0.00000
1.18750 0.10000 0.00000
1.18750 0.20000 0.14366
1.18750 0.30000 0.49642
1.18750 0.40000 0.80803
1.18750 0.50000 0.81977
1.18750 0.60000 0.53127
1.18750 0.70000 0.21167
1.18750 0.80000 0.15628
1.18750 0.90000 0.41657
1.21875 0.00000 0.00000
1.21875 0.10000 0.00000
1.21875 0.20000 0.14366
1.21875 0.30000 0.49642
1.21875 0.40000 0.80803
1.21875 0.50000 0.81977
1.21875 0.60000 0.53127
1.21875 0.70000 0.21167
1.21875 0.80000 0.15628
1.21875 0.90000 0.41657
1.25000 0.00000 0.00000
1.25000 0.10000 0.00000
1.25000 0.20000 0.14366
1.25000 0.30000 0.49642
1.25000 0.40000 0.80803
1.25000 0.50000 0.81977
1.25000 0.60000 0.53127
1.25000 0.70000 0.21167
1.25000 0.80000 0.15628
1.25000 0.90000 0.41657
1.28125 0.00000 0.00000
1.28125 0.10000 0.00000
1.28125 0.20000 0.14366
1.28125 0.30000 0.49642
1.28125 0.40000 0.80803
1.28125 0.50000 0.81977
1.28125 0.60000 0.53127
1.28125 0.70000 0.21167
1.28125 0.80000 0.15628
1.28125 0.90000 0.41657
1.31250 0.00000 0.00000
1.31250 0.10000 0.00000
1.31250 0.20000 0.14366
1.31250 0.30000 0.49642
1.31250 0.40000 0.80803
1.31250 0.50000 0.81977
1.31250 0.60000 0.53127
1.31250 0.70000 0.21167
1.31250 0.80000 0.15628
1.31250 0.90000 0.41657
1.34375 0.00000 0.00000
1.34375 0.10000 0.00000
1.34375 0.20000 0.14366
1.34375 0.30000 0.49642
1.34375 0.40000 0.80803
1.34375 0.50000 0.81977
1.34375 0.60000 0.53127
1.34375 0.70000 0.21167
1.34375 0.80000 0.15628
1.34375 0.90000 0.41657
1.37500 0.00000 0.00000
1.37500 0.10000 0.00000
1.37500 0.20000 0.14366
1.37500 0.30000 0.49642
1.37500 0.40000 0.80803
1.37500 0.50000 0.81977
1.37500 0.60000 0.53127
1.37500 0.70000 0.21167
1.37500 0.80000 0.15628
1.37500 0.90000 0.41657
1.40625 0.00000 0.00000
1.40625 0.10000 0.00000
1.40625 0.20000 0.14366
1.40625 0.30000 0.49642
1.40625 0.40000 0.80803
1.40625 0.50000 0.81977
1.40625 0.60000 0.53127
1.40625 0.70000 0.21167
1.40625 0.80000 0.15628
1.40625 0.90000 0.41657
1.43750 0.00000 0.00000
1.43750 0.10000 0.00000
1.43750 0.20000 0.14366
1.43750 0.30000 0.49642
1.43750 0.40000 0.80803
1.43750 0.50000 0.81977
1.43750 0.60000 0.53127
1.43750 0.70000 0.21167
1.43750 0.80000 0.15628
1.43750 0.90000 0.41657
1.46875 0.00000 0.00000
1.46875 0.10000 0.00000
1.46875 0.20000 0.14366
1.46875 0.30000 0.49642
1.46875 0.40000 0.80803
1.46875 0.50000 0.81977
1.46875 0.60000 0.53127
1.46875 0.70000 0.21167
1.46875 0.80000 0.15628
1.46875 0.90000 0.41657
1.50000 0.00000 0.00000
1.50000 0.10000 0.00000
1.50000 0.20000 0.14366
1.50000 0.30000 0.49642
1.50000 0.40000 0.80803
1.50000 0.50000 0.81977
1.50000 0.60000 0.53127
1.50000 0.70000 0.21167
1.50000 0.80000 0.15628
1.50000 0.90000 0.41657
1.53125 0.00000 0.00000
1.53125 0.10000 0.00000
1.53125 0.20000 0.14366
1.53125 0.30000 0.49642
1.53125 0.40000 0.80803
1.53125 0.50000 0.81977
1.53125 0.60000 0.53127
1.53125 0.70000 0.21167
1.53125 0.80000 0.15628
1.53125 0.90000 0.41657
1.56250 0.00000 0.00000
1.56250 0.10000 0.00000
1.56250 0.20000 0.14366
1.56250 0.30000 0.49642
1.56250 0.40000 0.80803
1.56250 0.50000 0.81977
1.56250 0.60000 0.53127
1.56250 0.70000 0.21167
1.56250 0.80000 0.15628
1.56250 0.90000 0.41657
1.59375 0.00000 0.00000
1.59375 0.10000 0.00000
1.59375 0.20000 0.14366
1.59375 0.30000 0.49642
1.59375 0.40000 0.80803
1.59375 0.50000 0.81977
1.59375 0.60000 0.53127
1.59375 0.70000 0.21167
1.59375 0.80000 0.15628
1.59375 0.90000 0.41657
1.62500 0.00000 0.00000
1.62500 0.10000 0.00000
1.62500 0.20000 0.14366
1.62500 0.30000 0.49642
1.62500 0.40000 0.80803
1.62500 0.50000 0.81977
1.62500 0.60000 0.53127
1.62500 0.70000 0.21167
1.62500 0.80000 0.15628
1.62500 0.90000 0.41657
1.65625 0.00000 0.00000
1.65625 0.10000 0.00000
1.65625 0.20000 0.14366
1.65625 0.30000 0.49642
1.65625 0.40000 0.80803
1.65625 0.50000 0.81977
1.65625 0.60000 0.53127
1.65625 0.70000 0.21167
1.65625 0.80000 0.15628
1.65625 0.90000 0.41657
1.68750 0.00000 0.00000
1.68750 0.10000 0.00000
1.68750 0.20000 0.14366
1.68750 0.30000 0.49642
1.68750 0.40000 0.80803
1.68750 0.50000 0.81977
1.68750 0.60000 0.53127
1.68750 0.70000 0.21167
1.68750 0.80000 0.15628
1.68750 0.90000 0.41657
1.71875 0.00000 0.00000
1.71875 0.10000 0.00000
1.71875 0.20000 0.14366
1.71875 0.30000 0.49642
1.71875 0.40000 0.80803
1.71875 0.50000 0.81977
1.71875 0.60000 0.53127
1.71875 0.70000 0.21167
1.71875 0.80000 0.15628
1.71875 0.90000 0.41657
1.75000 0.00000 0.00000
1.75000 0.10000 0.00000
1.75000 0.20000 0.14366
1.75000 0.30000 0.49642
1.75000 0.40000 0.80803
1.75000 0.50000 0.81977
1.75000 0.60000 0.53127
1.75000 0.70000 0.21167
1.75000 0.80000 0.15628
1.75000 0.90000 0.41657
1.78125 0.00000 0.00000
1.78125 0.10000 0.00000
1.78125 0.20000 0.14366
1.78125 0.30000 0.49642
1.78125 0.40000 0.80803
1.78125 0.50000 0.81977
1.78125 0.60000 0.53127
1.78125 0.70000 0.21167
1.78125 0.80000 0.15628
1.78125 0.90000 0.41657
1.81250 0.00000 0.00000
1.81250 0.10000 0.00000
1.81250 0.20000 0.14366
1.81250 0.30000 0.49642
1.81250 0.40000 0.80803
1.81250 0.50000 0.81977
1.81250 0.60000 0.53127
1.81250 0.70000 0.21167
1.81250 0.80000 0.15628
1.81250 0.90000 0.41657
1.84375 0.00000 0.00000
1.84375 0.10000 0.00000
1.84375 0.20000 0.14366
1.84375 0.30000 0.49642
1.84375 0.40000 0.80803
1.84375 0.50000 0.81977
1.84375 0.60000 0.53127
1.84375 0.70000 0.21167
1.84375 0.80000 0.15628
1.84375 0.90000 0.41657
1.87500 0.00000 0.00000
1.87500 0.10000 0.00000
1.87500 0.20000 0.14366
1.87500 0.30000 0.49642
1.87500 0.40000 0.80803
1.87500 0.50000 0.81977
1.87500 0.60000 0.53127
1.87500 0.70000 0.21167
1.87500 0.80000 0.15628
1.87500 0.90000 0.41657
1.90625 0.00000 0.00000
1.90625 0.10000 0.00000
1.90625 0.20000 0.14366
1.90625 0.30000 0.49642
1.90625 0.40000 0.80803
1.90625 0.50000 0.81977
1.90625 0.60000 0.53127
1.90625 0.70000 0.21167
1.90625 0.80000 0.15628
1.90625 0.90000 0.41657
1.93750 0.00000 0.00000
1.93750 0.10000 0.00000
1.93750 0.20000 0.14366
1.93750 0.30000 0.49642
1.93750 0.40000 0.80803
1.93750 0.50000 0.81977
1.93750 0.60000 0.53127
1.93750 0.70000 0.21167
1.93750 0.80000 0.15628
1.93750 0.90000 0.41657
1.96875 0.00000 0.00000
1.96875 0.10000 0.00000
1.96875 0.20000 0.14366
1.96875 0.30000 0.49642
1.96875 0.40000 0.80803
1.96875 0.50000 0.81977
1.96875 0.60000 0.53127
1.96875 0.70000 0.21167
1.96875 0.80000 0.15628
1.96875 0.90000 0.41657
2.00000 0.00000 0.00000
2.00000 0.10000 0.00000
2.00000 0.20000 0.14366
2.00000 0.30000 0.49642
2.00000 0.40000 0.80803
2.00000 0.50000 0.81977
2.00000 0.60000 0.53127
2.00000 0.70000 0.21167
2.00000 0.80000 0.15628
2.00000 0.90000 0.41657
2.03125 0.00000 0.00000
2.03125 0.10000 0.00000
2.03125 0.20000 0.14366
2.03125 0.30000 0.49642
2.03125 0.40000 0.80803
2.03125 0.50000 0.81977
2.03125 0.60000 0.53127
2.03125 0.70000 0.21167
2.03125 0.80000 0.15628
2.03125 0.90000 0.41657
2.06250 0.00000 0.00000
2.06250 0.10000 0.00000
2.06250 0.20000 0.14366
2.06250 0.30000 0.49642
2.06250 0.40000 0.80803
2.06250 0.50000 0.81977
2.06250 0.60000 0.53127
2.06250 0.70000 0.21167
2.06250 0.80000 0.15628
2.06250 0.90000 0.41657
2.09375 0.00000 0.00000
2.09375 0.10000 0.00000
2.09375 0.20000 0.14366
2.09375 0.30000 0.49642
2.09375 0.40000 0.80803
2.09375 0.50000 0.81977
2.09375 0.60000 0.53127
2.09375 0.70000 0.21167
2.09375 0.80000 0.15628
2.09375 0.90000 0.41657
2.12500 0.00000 0.00000
2.12500 0.10000 0.00000
2.12500 0.20000 0.14366
2.12500 0.30000 0.49642
2.12500 0.40000 0.80803
2.12500 0.50000 0.81977
2.12500 0.60000 0.53127
2.12500 0.70000 0.21167
2.12500 0.80000 0.15628
2.12500 0.90000 0.41657
2.15625 0.00000 0.00000
2.15625 0.10000 0.00000
2.15625 0.20000 0.14366
2.15625 0.30000 0.49642
2.15625 0.40000 0.80803
2.15625 0.50000 0.81977
2.15625 0.60000 0.53127
2.15625 0.70000 0.21167
2.15625 0.80000 0.15628
2.15625 0.90000 0.41657
2.18750 0.00000 0.00000
2.18750 0.10000 0.00000
2.18750 0.20000 0.14366
2.18750 0.30000 0.49642
2.18750 0.40000 0.80803
2.18750 0.50000 0.81977
2.18750 0.60000 0.53127
2.18750 0.70000 0.21167
2.18750 0.80000 0.15628
2.18750 0.90000 0.41657
2.21875 0.00000 0.00000
2.21875 0.10000 0.00000
2.21875 0.20000 0.14366
2.21875 0.30000 0.49642
2.21875 0.40000 0.80803
2.21875 0.50000 0.81977
2.21875 0.60000 0.53127
2.21875 0.70000 0.21167
2.21875 0.80000 0.15628
2.21875 0.90000 0.41657
2.25000 0.00000 0.00000
2.25000 0.10000 0.00000
2.25000 0.20000 0.14366
2.25000 0.30000 0.49642
2.25000 0.40000 0.80803
2.25000 0.50000 0.81977
2.25000 0.60000 0.53127
2.25000 0.70000 0.21167
2.25000 0.80000 0.15628
2.25000 0.90000 0.41657
2.28125 0.00000 0.00000
2.28125 0.10000 0.00000
2.28125 0.20000 0.14366
2.28125 0.30000 0.49642
2.28125 0.40000 0.80803
2.28125 0.50000 0.81977
2.28125 0.60000 0.53127
2.28125 0.70000 0.21167
2.28125 0.80000 0.15628
2.28125 0.90000 0.41657
2.31250 0.00000 0.00000
2.31250 0.10000 0.00000
2.31250 0.20000 0.14366
2.31250 0.30000 0.49642
2.31250 0.40000 0.80803
2.31250 0.50000 0.81977
2.31250 0.60000 0.53127
2.31250 0.70000 0.21167
2.31250 0.80000 0.15628
2.31250 0.90000 0.41657
2.34375 0.00000 0.00000
2.34375 0.10000 0.00000
2.34375 0.20000 0.14366
2.34375 0.30000 0.49642
2.34375 0.40000 0.80803
2.34375 0.50000 0.81977
2.34375 0.60000 0.53127
2.34375 0.70000 0.21167
2.34375 0.80000 0.15628
2.34375 0.90000 0.41657
2.37500 0.00000 0.00000
2.37500 0.10000 0.00000
2.37500 0.20000 0.14366
2.37500 0.30000 0.49642
2.37500 0.40000 0.80803
2.37500 0.50000 0.81977
2.37500 0.60000 0.53127
2.37500 0.70000 0.21167
2.37500 0.80000 0.15628
2.37500 0.90000 0.41657
2.40625 0.00000 0.00000
2.40625 0.10000 0.00000
2.40625 0.20000 0.14366
2.40625 0.30000 0.49642
2.40625 0.40000 0.80803
2.40625 0.50000 0.81977
2.40625 0.60000 0.53127
2.40625 0.70000 0.21167
2.40625 0.80000 0.15628
2.40625 0.90000 0.41657
2.43750 0.00000 0.00000
2.43750 0.10000 0.00000
2.43750 0.20000 0.14366
2.43750 0.30000 0.49642
2.43750 0.40000 0.80803
2.43750 0.50000 0.81977
2.43750 0.60000 0.53127
2.43750 0.70000 0.21167
2.43750 0.80000 0.15628
2.43750 0.90000 0.41657
2.46875 0.00000 0.00000
2.46875 0.10000 0.00000
2.46875 0.20000 0.14366
2.46875 0.30000 0.49642
2.46875 0.40000 0.80803
2.46875 0.50000 0.81977
2.46875 0.60000 0.53127
2.46875 0.70000 0.21167
2.46875 0.80000 0.15628
2.46875 0.90000 0.41657
2.50000 0.00000 0.00000
2.50000 0.10000 0.00000
2.50000 0.20000 0.14366
2.50000 0.30000 0.49642
2.50000 0.40000 0.80803
2.50000 0.50000 0.81977
2.50000 0.60000 0.53127
2.50000 0.70000 0.21167
2.50000 0.80000 0.15628
2.50000 0.90000 0.41657
2.53125 0.00000 0.00000
2.53125 0.10000 0.00000
2.53125 0.20000 0.14366
2.53125 0.30000 0.49642
2.53125 0.40000 0.80803
2.53125 0.50000 0.81977
2.53125 0.60000 0.53127
2.53125 0.70000 0.21167
2.53125 0.80000 0.15628
2.53125 0.90000 0.41657
2.56250 0.00000 0.00000
2.56250 0.10000 0.00000
2.56250 0.20000 0.14366
2.56250 0.30000 0.49642
2.56250 0.40000 0.80803
2.56250 0.50000 0.81977
2.56250 0.60000 0.53127
2.56250 0.70000 0.21167
2.56250 0.80000 0.15628
2.56250 0.90000 0.41657
2.59375 0.00000 0.00000
2.59375 0.10000 0.00000
2.59375 0.20000 0.14366
2.59375 0.30000 0.49642
2.59375 0.40000 0.80803
2.59375 0.50000 0.81977
2.59375 0.60000 0.53127
2.59375 0.70000 0.21167
2.59375 0.80000 0.15628
2.59375 0.90000 0.41657
2.62500 0.00000 0.00000
2.62500 0.10000 0.00000
2.62500 0.20000 0.14366
2.62500 0.30000 0.49642
2.62500 0.40000 0.80803
2.62500 0.50000 0.81977
2.62500 0.60000 0.53127
2.62500 0.70000 0.21167
2.62500 0.80000 0.15628
2.62500 0.90000 0.41657
2.65625 0.00000 0.00000
2.65625 0.10000 0.00000
2.65625 0.20000 0.14366
2.65625 0.30000 0.49642
2.65625 0.40000 0.80803
2.65625 0.50000 0.81977
2.65625 0.60000 0.53127
2.65625 0.70000 0.21167
2.65625 0.80000 0.15628
2.65625 0.90000 0.41657
2.68750 0.00000 0.00000
2.68750 0.10000 0.00000
2.68750 0.20000 0.14366
2.68750 0.30000 0.49642
2.68750 0.40000 0.80803
2.68750 0.50000 0.81977
2.68750 0.60000 0.53127
2.68750 0.70000 0.21167
2.68750 0.80000 0.15628
2.68750 0.90000 0.41657
2.71875 0.00000 0.00000
2.71875 0.10000 0.00000
2.71875 0.20000 0.14366
2.71875 0.30000 0.49642
2.71875 0.40000 0.80803
2.71875 0.50000 0.81977
2.71875 0.60000 0.53127
2.71875 0.70000 0.21167
2.71875 0.80000 0.15628
2.71875 0.90000 0.41657
2.75000 0.00000 0.00000
2.75000 0.10000 0.00000
2.75000 0.20000 0.14366
2.75000 0.30000 0.49642
2.75000 0.40000 0.80803
2.75000 0.50000 0.81977
2.75000 0.60000 0.53127
2.75000 0.70000 0.21167
2.75000 0.80000 0.15628
2.75000 0.90000 0.41657
2.78125 0.00000 0.00000
2.78125 0.10000 0.00000
2.78125 0.20000 0.14366
2.78125 0.30000 0.49642
2.78125 0.40000 0.80803
2.78125 0.50000 0.81977
2.78125 0.60000 0.53127
2.78125 0.70000 0.21167
2.78125 0.80000 0.15628
2.78125 0.90000 0.41657
2.81250 0.00000 0.00000
2.81250 0.10000 0.00000
2.81250 0.20000 0.14366
2.81250 0.30000 0.49642
2.81250 0.40000 0.80803
2.81250 0.50000 0.81977
2.81250 0.60000 0.53127
2.81250 0.70000 0.21167
2.81250 0.80000 0.15628
2.81250 0.90000 0.41657
2.84375 0.00000 0.00000
2.84375 0.10000 0.00000
2.84375 0.20000 0.14366
2.84375 0.30000 0.49642
2.84375 0.40000 0.80803
2.84375 0.50000 0.81977
2.84375 0.60000 0.53127
2.84375 0.70000 0.21167
2.84375 0.80000 0.15628
2.84375 0.90000 0.41657
2.87500 0.00000 0.00000
2.87500 0.10000 0.00000
2.87500 0.20000 0.14366
2.87500 0.30000 0.49642
2.87500 0.40000 0.80803
2.87500 0.50000 0.81977
2.87500 0.60000 0.53127
2.87500 0.70000 0.21167
2.87500 0.80000 0.15628
2.87500 0.90000 0.41657
2.90625 0.00000 0.00000
2.90625 0.10000 0.00000
2.90625 0.20000 0.14366
2.90625 0.30000 0.49642
2.90625 0.40000 0.80803
2.90625 0.50000 0.81977
2.90625 0.60000 0.53127
2.90625 0.70000 0.21167
2.90625 0.80000 0.15628
2.90625 0.90000 0.41657
2.93750 0.00000 0.00000
2.93750 0.10000 0.00000
2.93750 0.20000 0.14366
2.93750 0.30000 0.49642
2.93750 0.40000 0.80803
2.93750 0.50000 0.81977
2.93750 0.60000 0.53127
2.93750 0.70000 0.21167
2.93750 0.80000 0.15628
2.93750 0.90000 0.41657
2.96875 0.00000 0.00000
2.96875 0.10000 0.00000
2.96875 0.20000 0.14366
2.96875 0.30000 0.49642
2.96875 0.40000 0.80803
2.96875 0.50000 0.81977
2.96875 0.60000 0.53127
2.96875 0.70000 0.21167
2.96875 0.80000 0.15628
2.96875 0.90000 0.41657
3.00000 0.00000 0.00000
3.00000 0.10000 0.00000
3.00000 0.20000 0.14366
3.00000 0.30000 0.49642
3.00000 0.40000 0.80803
3.00000 0.50000 0.81977
3.00000 0.60000 0.53127
3.00000 0.70000 0.21167
3.00000 0.80000 0.15628
3.00000 0.90000 0.41657
3.03125 0.00000 0.00000
3.03125 0.10000 0.00000
3.03125 0.20000 0.14366
3.03125 0.30000 0.49642
3.03125 0.40000 0.80803
3.03125 0.50000 0.81977
3.03125 0.60000 0.53127
3.03125 0.70000 0.21167
3.03125 0.80000 0.15628
3.03125 0.90000 0.41657
3.06250 0.00000 0.00000
3.06250 0.10000 0.00000
3.06250 0.20000 0.14366
3.06250 0.30000 0.49642
3.06250 0.40000 0.80803
3.06250 0.50000 0.81977
3.06250 0.60000 0.53127
3.06250 0.70000 0.21167
3.06250 0.80000 0.15628
3.06250 0.90000 0.41657
3.09375 0.00000 0.00000
3.09375 0.10000 0.00000
3.09375 0.20000 0.14366
3.09375 0.30000 0.49642
3.09375 0.40000 0.80803
3.09375 0.50000 0.81977
3.09375 0.60000 0.53127
3.09375 0.70000 0.21167
3.09375 0.80000 0.15628
3.09375 0.90000 0.41657
3.12500 0.00000 0.00000
3.12500 0.10000 0.00000
3.12500 0.20000 0.14366
3.12500 0.30000 0.49642
3.12500 0.40000 0.80803
3.12500 0.50000 0.81977
3.12500 0.60000 0.53127
3.12500 0.70000 0.21167
3.12500 0.80000 0.15628
3.12500 0.90000 0.41657
3.15625 0.00000 0.00000
3.15625 0.10000 0.00000
3.15625 0.20000 0.14366
3.15625 0.30000 0.49642
3.15625 0.40000 0.80803
3.15625 0.50000 0.81977
3.15625 0.60000 0.53127
3.15625 0.70000 0.21167
3.15625 0.80000 0.15628
3.15625 0.90000 0.41657
3.18750 0.00000 0.00000
3.18750 0.10000 0.00000
3.18750 0.20000 0.14366
3.18750 0.30000 0.49642
3.18750 0.40000 0.80803
3.18750 0.50000 0.81977
3.18750 0.60000 0.53127
3.18750 0.70000 0.21167
3.18750 0.80000 0.15628
3.18750 0.90000 0.41657
3.21875 0.00000 0.00000
3.21875 0.10000 0.00000
3.21875 0.20000 0.14366
3.21875 0.30000 0.49642
3.21875 0.40000 0.80803
3.21875 0.50000 0.81977
3.21875 0.60000 0.53127
3.21875 0.70000 0.21167
3.21875 0.80000 0.15628
3.21875 0.90000 0.41657
3.25000 0.00000 0.00000
3.25000 0.10000 0.00000
3.25000 0.20000 0.14366
3.25000 0.30000 0.49642
3.25000 0.40000 0.80803
3.25000 0.50000 0.81977
3.25000 0.60000 0.53127
3.25000 0.70000 0.21167
3.25000 0.80000 0.15628
3.25000 0.90000 0.41657
3.28125 0.00000 0.00000
3.28125 0.10000 0.00000
3.28125 0.20000 0.14366
3.28125 0.30000 0.49642
3.28125 0.40000 0.80803
3.28125 0.50000 0.81977
3.28125 0.60000 0.53127
3.28125 0.70000 0.21167
3.28125 0.80000 0.15628
3.28125 0.90000 0.41657
3.31250 0.00000 0.00000
3.31250 0.10000 0.00000
3.31250 0.20000 0.14366
3.31250 0.30000 0.49642
3.31250 0.40000 0.80803
3.31250 0.50000 0.81977
3.31250 0.60000 0.53127
3.31250 0.70000 0.21167
3.31250 0.80000 0.15628
3.31250 0.90000 0.41657
3.34375 0.00000 0.00000
3.34375 0.10000 0.00000
3.34375 0.20000 0.14366
3.34375 0.30000 0.49642
3.34375 0.40000 0.80803
3.34375 0.50000 0.81977
3.34375 0.60000 0.53127
3.34375 0.70000 0.21167
3.34375 0.80000 0.15628
3.34375 0.90000 0.41657
3.37500 0.00000 0.00000
3.37500 0.10000 0.00000
3.37500 0.20000 0.14366
3.37500 0.30000 0.49642
3.37500 0.40000 0.80803
3.37500 0.50000 0.81977
3.37500 0.60000 0.53127
3.37500 0.70000 0.21167
3.37500 0.80000 0.15628
3.37500 0.90000 0.41657
3.40625 0.00000 0.00000
3.40625 0.10000 0.00000
3.40625 0.20000 0.14366
3.40625 0.30000 0.49642
3.40625 0.40000 0.80803
3.40625 0.50000 0.81977
3.40625 0.60000 0.53127
3.40625 0.70000 0.21167
3.40625 0.80000 0.15628
3.40625 0.90000 0.41657
3.43750 0.00000 0.00000
3.43750 0.10000 0.00000
3.43750 0.20000 0.14366
3.43750 0.30000 0.49642
3.43750 0.40000 0.80803
3.43750 0.50000 0.81977
3.43750 0.60000 0.53127
3.43750 0.70000 0.21167
3.43750 0.80000 0.15628
3.43750 0.90000 0.41657
3.46875 0.00000 0.00000
3.46875 0.10000 0.00000
3.46875 0.20000 0.14366
3.46875 0.30000 0.49642
3.46875 0.40000 0.80803
3.46875 0.50000 0.81977
3.46875 0.60000 0.53127
3.46875 0.70000 0.21167
3.46875 0.80000 0.15628
3.46875 0.90000 0.41657
3.50000 0.00000 0.00000
3.50000 0.10000 0.00000
3.50000 0.20000 0.14366
3.50000 0.30000 0.49642
3.50000 0.40000 0.80803
3.50000 0.50000 0.81977
3.50000 0.60000 0.53127
3.50000 0.70000 0.21167
3.50000 0.80000 0.15628
3.50000 0.90000 0.41657
3.53125 0.00000 0.00000
3.53125 0.10000 0.00000
3.53125 0.20000 0.14366
3.53125 0.30000 0.49642
3.53125 0.40000 0.80803
3.53125 0.50000 0.81977
3.53125 0.60000 0.53127
3.53125 0.70000 0.21167
3.53125 0.80000 0.15628
3.53125 0.90000 0.41657
3.56250 0.00000 0.00000
3.56250 0.10000 0.00000
3.56250 0.20000 0.14366
3.56250 0.30000 0.49642
3.56250 0.40000 0.80803
3.56250 0.50000 0.81977
3.56250 0.60000 0.53127
3.56250 0.70000 0.21167
3.56250 0.80000 0.15628
3.56250 0.90000 0.41657
3.59375 0.00000 0.00000
3.59375 0.10000 0.00000
3.59375 0.20000 0.14366
3.59375 0.30000 0.49642
3.59375 0.40000 0.80803
3.59375 0.50000 0.81977
3.59375 0.60000 0.53127
3.59375 0.70000 0.21167
3.59375 0.80000 0.15628
3.59375 0.90000 0.41657
3.62500 0.00000 0.00000
3.62500 0.10000 0.00000
3.62500 0.20000 0.14366
3.62500 0.30000 0.49642
3.62500 0.40000 0.80803
3.62500 0.50000 0.81977
3.62500 0.60000 0.53127
3.62500 0.70000 0.21167
3.62500 0.80000 0.15628
3.62500 0.90000 0.41657
3.65625 0.00000 0.00000
3.65625 0.10000 0.00000
3.65625 0.20000 0.14366
3.65625 0.30000 0.49642
3.65625 0.40000 0.80803
3.65625 0.50000 0.81977
3.65625 0.60000 0.53127
3.65625 0.70000 0.21167
3.65625 0.80000 0.15628
3.65625 0.90000 0.41657
3.68750 0.00000 0.00000
3.68750 0.10000 0.00000
3.68750 0.20000 0.14366
3.68750 0.30000 0.49642
3.68750 0.40000 0.80803
3.68750 0.50000 0.81977
3.68750 0.60000 0.53127
3.68750 0.70000 0.21167
3.68750 0.80000 0.15628
3.68750 0.90000 0.41657
3.71875 0.00000 0.00000
3.71875 0.10000 0.00000
3.71875 0.20000 0.14366
3.71875 0.30000 0.49642
3.71875 0.40000 0.80803
3.71875 0.50000 0.81977
3.71875 0.60000 0.53127
3.71875 0.70000 0.21167
3.71875 0.80000 0.15628
3.71875 0.90000 0.41657
3.75000 0.00000 0.00000
3.75000 0.10000 0.00000
3.75000 0.20000 0.14366
3.75000 0.30000 0.49642
3.75000 0.40000 0.80803
3.75000 0.50000 0.81977
3.75000 0.60000 0.53127
3.75000 0.70000 0.21167
3.75000 0.80000 0.15628
3.75000 0.90000 0.41657
3.78125 0.00000 0.00000
3.78125 0.10000 0.00000
3.78125 0.20000 0.14366
3.78125 0.30000 0.49642
3.78125 0.40000 0.80803
3.78125 0.50000 0.81977
3.78125 0.60000 0.53127
3.78125 0.70000 0.21167
3.78125 0.80000 0.15628
3.78125 0.90000 0.41657
3.81250 0.00000 0.00000
3.81250 0.10000 0.00000
3.81250 0.20000 0.14366
3.81250 0.30000 0.49642
3.81250 0.40000 0.80803
3.81250 0.50000 0.81977
3.81250 0.60000 0.53127
3.81250 0.70000 0.21167
3.81250 0.80000 0.15628
3.81250 0.90000 0.41657
3.84375 0.00000 0.00000
3.84375 0.10000 0.00000
3.84375 0.20000 0.14366
3.84375 0.30000 0.49642
3.84375 0.40000 0.80803
3.84375 0.50000 0.81977
3.84375 0.60000 0.53127
3.84375 0.70000 0.21167
3.84375 0.80000 0.15628
3.84375 0.90000 0.41657
3.87500 0.00000 0.00000
3.87500 0.10000 0.00000
3.87500 0.20000 0.14366
3.87500 0.30000 0.49642
3.87500 0.40000 0.80803
3.87500 0.50000 0.81977
3.87500 0.60000 0.53127
3.87500 0.70000 0.21167
3.87500 0.80000 0.15628
3.87500 0.90000 0.41657
3.90625 0.00000 0.00000
3.90625 0.10000 0.00000
3.90625 0.20000 0.14366
3.90625 0.30000 0.49642
3.90625 0.40000 0.80803
3.90625 0.50000 0.81977
3.90625 0.60000 0.53127
3.90625 0.70000 0.21167
3.90625 0.80000 0.15628
3.90625 0.90000 0.41657
3.93750 0.00000 0.00000
3.93750 0.10000 0.00000
3.93750 0.20000 0.14366
3.93750 0.30000 0.49642
3.93750 0.40000 0.80803
3.93750 0.50000 0.81977
3.93750 0.60000 0.53127
3.93750 0.70000 0.21167
3.93750 0.80000 0.15628
3.93750 0.90000 0.41657
3.96875 0.00000 0.00000
3.96875 0.10000 0.00000
3.96875 0.20000 0.14366
3.96875 0.30000 0.49642
3.96875 0.40000 0.80803
3.96875 0.50000 0.81977
3.96875 0.60000 0.53127
3.96875 0.70000 0.21167
3.96875 0.80000 0.15628
3.96875 0.90000 0.41657
4.00000 0.00000 0.00000
4.00000 0.10000 0.00000
4.00000 0.20000 0.14366
4.00000 0.30000 0.49642
4.00000 0.40000 0.80803
4.00000 0.50000 0.81977
4.00000 0.60000 0.53127
4.00000 0.70000 0.21167
4.00000 0.80000 0.15628
4.00000 0.90000 0.41657
4.03125 0.00000 0.00000
4.03125 0.10000 0.00000
4.03125 0.20000 0.14366
4.03125 0.30000 0.49642
4.03125 0.40000 0.80803
4.03125 0.50000 0.81977
4.03125 0.60000 0.53127
4.03125 0.70000 0.21167
4.03125 0.80000 0.15628
4.03125 0.90000 0.41657
4.06250 0.00000 0.00000
4.06250 0.10000 0.00000
4.06250 0.20000 0.14366
4.06250 0.30000 0.49642
4.06250 0.40000 0.80803
4.06250 0.50000 0.81977
4.06250 0.60000 0.53127
4.06250 0.70000 0.21167
4.06250 0.80000 0.15628
4.06250 0.90000 0.41657
4.09375 0.00000 0.00000
4.09375 0.10000 0.00000
4.09375 0.20000 0.14366
4.09375 0.30000 0.49642
4.09375 0.40000 0.80803
4.09375 0.50000 0.81977
4.09375 0.60000 0.53127
4.09375 0.70000 0.21167
4.09375 0.80000 0.15628
4.09375 0.90000 0.41657
4.12500 0.00000 0.00000
4.12500 0.10000 0.00000
4.12500 0.20000 0.14366
4.12500 0.30000 0.49642
4.12500 0.40000 0.80803
4.12500 0.50000 0.81977
4.12500 0.60000 0.53127
4.12500 0.70000 0.21167
4.12500 0.80000 0.15628
4.12500 0.90000 0.41657
4.15625 0.00000 0.00000
4.15625 0.10000 0.00000
4.15625 0.20000 0.14366
4.15625 0.30000 0.49642
4.15625 0.40000 0.80803
4.15625 0.50000 0.81977
4.15625 0.60000 0.53127
4.15625 0.70000 0.21167
4.15625 0.80000 0.15628
4.15625 0.90000 0.41657
4.18750 0.00000 0.00000
4.18750 0.10000 0.00000
4.18750 0.20000 0.14366
4.18750 0.30000 0.49642
4.18750 0.40000 0.80803
4.18750 0.50000 0.81977
4.18750 0.60000 0.53127
4.18750 0.70000 0.21167
4.18750 0.80000 0.15628
4.18750 0.90000 0.41657
4.21875 0.00000 0.00000
4.21875 0.10000 0.00000
4.21875 0.20000 0.14366
4.21875 0.30000 0.49642
4.21875 0.40000 0.80803
4.21875 0.50000 0.81977
4.21875 0.60000 0.53127
4.21875 0.70000 0.21167
4.21875 0.80000 0.15628
4.21875 0.90000 0.41657
4.25000 0.00000 0.00000
4.25000 0.10000 0.00000
4.25000 0.20000 0.14366
4.25000 0.30000 0.49642
4.25000 0.40000 0.80803
4.25000 0.50000 0.81977
4.25000 0.60000 0.53127
4.25000 0.70000 0.21167
4.25000 0.80000 0.15628
4.25000 0.90000 0.41657
4.28125 0.00000 0.00000
4.28125 0.10000 0.00000
4.28125 0.20000 0.14366
4.28125 0.30000 0.49642
4.28125 0.40000 0.80803
4.28125 0.50000 0.81977
4.28125 0.60000 0.53127
4.28125 0.70000 0.21167
4.28125 0.80000 0.15628
4.28125 0.90000 0.41657
4.31250 0.00000 0.00000
4.31250 0.10000 0.00000
4.31250 0.20000 0.14366
4.31250 0.30000 0.49642
4.31250 0.40000 0.80803
4.31250 0.50000 0.81977
4.31250 0.60000 0.53127
4.31250 0.70000 0.21167
4.31250 0.80000 0.15628
4.31250 0.90000 0.41657
4.34375 0.00000 0.00000
4.34375 0.10000 0.00000
4.34375 0.20000 0.14366
4.34375 0.30000 0.49642
4.34375 0.40000 0.80803
4.34375 0.50000 0.81977
4.34375 0.60000 0.53127
4.34375 0.70000 0.21167
4.34375 0.80000 0.15628
4.34375 0.90000 0.41657
4.37500 0.00000 0.00000
4.37500 0.10000 0.00000
4.37500 0.20000 0.14366
4.37500 0.30000 0.49642
4.37500 0.40000 0.80803
4.37500 0.50000 0.81977
4.37500 0.60000 0.53127
4.37500 0.70000 0.21167
4.37500 0.80000 0.15628
4.37500 0.90000 0.41657
4.40625 0.00000 0.00000
4.40625 0.10000 0.00000
4.40625 0.20000 0.14366
4.40625 0.30000 0.49642
4.40625 0.40000 0.80803
4.40625 0.50000 0.81977
4.40625 0.60000 0.53127
4.40625 0.70000 0.21167
4.40625 0.80000 0.15628
4.40625 0.90000 0.41657
4.43750 0.00000 0.00000
4.43750 0.10000 0.00000
4.43750 0.20000 0.14366
4.43750 0.30000 0.49642
4.43750 0.40000 0.80803
4.43750 0.50000 0.81977
4.43750 0.60000 0.53127
4.43750 0.70000 0.21167
4.43750 0.80000 0.15628
4.43750 0.90000 0.41657
4.46875 0.00000 0.00000
4.46875 0.10000 0.00000
4.46875 0.20000 0.14366
4.46875 0.30000 0.49642
4.46875 0.40000 0.80803
4.46875 0.50000 0.81977
4.46875 0.60000 0.53127
4.46875 0.70000 0.21167
4.46875 0.80000 0.15628
4.46875 0.90000 0.41657
4.50000 0.00000 0.00000
4.50000 0.10000 0.00000
4.50000 0.20000 0.14366
4.50000 0.30000 0.49642
4.50000 0.40000 0.80803
4.50000 0.50000 0.81977
4.50000 0.60000 0.53127
4.50000 0.70000 0.21167
4.50000 0.80000 0.15628
4.50000 0.90000 0.41657
4.53125 0.00000 0.00000
4.53125 0.10000 0.00000
4.53125 0.20000 0.14366
4.53125 0.30000 0.49642
4.53125 0.40000 0.80803
4.53125 0.50000 0.81977
4.53125 0.60000 0.53127
4.53125 0.70000 0.21167
4.53125 0.80000 0.15628
4.53125 0.90000 0.41657
4.56250 0.00000 0.00000
4.56250 0.10000 0.00000
4.56250 0.20000 0.14366
4.56250 0.30000 0.49642
4.56250 0.40000 0.80803
4.56250 0.50000 0.81977
4.56250 0.60000 0.53127
4.56250 0.70000 0.21167
4.56250 0.80000 0.15628
4.56250 0.90000 0.41657
4.59375 0.00000 0.00000
4.59375 0.10000 0.00000
4.59375 0.20000 0.14366
4.59375 0.30000 0.49642
4.59375 0.40000 0.80803
4.59375 0.50000 0.81977
4.59375 0.60000 0.53127
4.59375 0.70000 0.21167
4.59375 0.80000 0.15628
4.59375 0.90000 0.41657
4.62500 0.00000 0.00000
4.62500 0.10000 0.00000
4.62500 0.20000 0.14366
4.62500 0.30000 0.49642
4.62500 0.40000 0.80803
4.62500 0.50000 0.81977
4.62500 0.60000 0.53127
4.62500 0.70000 0.21167
4.62500 0.80000 0.15628
4.62500 0.90000 0.41657
4.65625 0.00000 0.00000
4.65625 0.10000 0.00000
4.65625 0.20000 0.14366
4.65625 0.30000 0.49642
4.65625 0.40000 0.80803
4.65625 0.50000 0.81977
4.65625 0.60000 0.53127
4.65625 0.70000 0.21167
4.65625 0.80000 0.15628
4.65625 0.90000 0.41657
4.68750 0.00000 0.00000
4.68750 0.10000 0.00000
4.68750 0.20000 0.14366
4.68750 0.30000 0.49642
4.68750 0.40000 0.80803
4.68750 0.50000 0.81977
4.68750 0.60000 0.53127
4.68750 0.70000 0.21167
4.68750 0.80000 0.15628
4.68750 0.90000 0.41657
4.71875 0.00000 0.00000
4.71875 0.10000 0.00000
4.71875 0.20000 0.14366
4.71875 0.30000 0.49642
4.71875 0.40000 0.80803
4.71875 0.50000 0.81977
4.71875 0.60000 0.53127
4.71875 0.70000 0.21167
4.71875 0.80000 0.15628
4.71875 0.90000 0.41657
4.75000 0.00000 0.00000
4.75000 0.10000 0.00000
4.75000 0.20000 0.14366
4.75000 0.30000 0.49642
4.75000 0.40000 0.80803
4.75000 0.50000 0.81977
4.75000 0.60000 0.53127
4.75000 0.70000 0.21167
4.75000 0.80000 0.15628
4.75000 0.90000 0.41657
4.78125 0.00000 0.00000
4.78125 0.10000 0.00000
4.78125 0.20000 0.14366
4.78125 0.30000 0.49642
4.78125 0.40000 0.80803
4.78125 0.50000 0.81977
4.78125 0.60000 0.53127
4.78125 0.70000 0.21167
4.78125 0.80000 0.15628
4.78125 0.90000 0.41657
4.81250 0.00000 0.00000
4.81250 0.10000 0.00000
4.81250 0.20000 0.14366
4.81250 0.30000 0.49642
4.81250 0.40000 0.80803
4.81250 0.50000 0.81977
4.81250 0.60000 0.53127
4.81250 0.70000 0.21167
4.81250 0.80000 0.15628
4.81250 0.90000 0.41657
4.84375 0.00000 0.00000
4.84375 0.10000 0.00000
4.84375 0.20000 0.14366
4.84375 0.30000 0.49642
4.84375 0.40000 0.80803
4.84375 0.50000 0.81977
4.84375 0.60000 0.53127
4.84375 0.70000 0.21167
4.84375 0.80000 0.15628
4.84375 0.90000 0.41657
4.87500 0.00000 0.00000
4.87500 0.10000 0.00000
4.87500 0.20000 0.14366
4.87500 0.30000 0.49642
4.87500 0.40000 0.80803
4.87500 0.50000 0.81977
4.87500 0.60000 0.53127
4.87500 0.70000 0.21167
4.87500 0.80000 0.15628
4.87500 0.90000 0.41657
4.90625 0.00000 0.00000
4.90625 0.10000 0.00000
4.90625 0.20000 0.14366
4.90625 0.30000 0.49642
4.90625 0.40000 0.80803
4.90625 0.50000 0.81977
4.90625 0.60000 0.53127
4.90625 0.70000 0.21167
4.90625 0.80000 0.15628
4.90625 0.90000 0.41657
4.93750 0.00000 0.00000
4.93750 0.10000 0.00000
4.93750 0.20000 0.14366
4.93750 0.30000 0.49642
4.93750 0.40000 0.80803
4.93750 0.50000 0.81977
4.93750 0.60000 0.53127
4.93750 0.70000 0.21167
4.93750 0.80000 0.15628
4.93750 0.90000 0.41657
4.96875 0.00000 0.00000
4.96875 0.10000 0.00000
4.96875 0.20000 0.14366
4.96875 0.30000 0.49642
4.96875 0.40000 0.80803
4.96875 0.50000 0.81977
4.96875 0.60000 0.53127
4.96875 0.70000 0.21167
4.96875 0.80000 0.15628
4.96875 0.90000 0.41657
5.00000 0.00000 0.00000
5.00000 0.10000 0.00000
5.00000 0.20000 0.14366
5.00000 0.30000 0.49642
5.00000 0.40000 0.80803
5.00000 0.50000 0.81977
5.00000 0.60000 0.53127
5.00000 0.70000 0.21167
5.00000 0.80000 0.15628
5.00000 0.90000 0.41657
5.03125 0.00000 0.00000
5.03125 0.10000 0.00000
5.03125 0.20000 0.14366
5.03125 0.30000 0.49642
5.03125 0.40000 0.80803
5.03125 0.50000 0.81977
5.03125 0.60000 0.53127
5.03125 0.70000 0.21167
5.03125 0.80000 0.15628
5.03125 0.90000 0.41657
5.06250 0.00000 0.00000
5.06250 0.10000 0.00000
5.06250 0.20000 0.14366
5.06250 0.30000 0.49642
5.06250 0.40000 0.80803
5.06250 0.50000 0.81977
5.06250 0.60000 0.53127
5.06250 0.70000 0.21167
5.06250 0.80000 0.15628
5.06250 0.90000 0.41657
5.09375 0.00000 0.00000
5.09375 0.10000 0.00000
5.09375 0.20000 0.14366
5.09375 0.30000 0.49642
5.09375 0.40000 0.80803
5.09375 0.50000 0.81977
5.09375 0.60000 0.53127
5.09375 0.70000 0.21167
5.09375 0.80000 0.15628
5.09375 0.90000 0.41657
5.12500 0.00000 0.00000
5.12500 0.10000 0.00000
5.12500 0.20000 0.14366
5.12500 0.30000 0.49642
5.12500 0.40000 0.80803
5.12500 0.50000 0.81977
5.12500 0.60000 0.53127
5.12500 0.70000 0.21167
5.12500 0.80000 0.15628
5.12500 0.90000 0.41657
5.15625 0.00000 0.00000
5.15625 0.10000 0.00000
5.15625 0.20000 0.14366
5.15625 0.30000 0.49642
5.15625 0.40000 0.80803
5.15625 0.50000 0.81977
5.15625 0.60000 0.53127
5.15625 0.70000 0.21167
5.15625 0.80000 0.15628
5.15625 0.90000 0.41657
5.18750 0.00000 0.00000
5.18750 0.10000 0.00000
5.18750 0.20000 0.14366
5.18750 0.30000 0.49642
5.18750 0.40000 0.80803
5.18750 0.50000 0.81977
5.18750 0.60000 0.53127
5.18750 0.70000 0.21167
5.18750 0.80000 0.15628
5.18750 0.90000 0.41657
5.21875 0.00000 0.00000
5.21875 0.10000 0.00000
5.21875 0.20000 0.14366
5.21875 0.30000 0.49642
5.21875 0.40000 0.80803
5.21875 0.50000 0.81977
5.21875 0.60000 0.53127
5.21875 0.70000 0.21167
5.21875 0.80000 0.15628
5.21875 0.90000 0.41657
5.25000 0.00000 0.00000
5.25000 0.10000 0.00000
5.25000 0.20000 0.14366
5.25000 0.30000 0.49642
5.25000 0.40000 0.80803
5.25000 0.50000 0.81977
5.25000 0.60000 0.53127
5.25000 0.70000 0.21167
5.25000 0.80000 0.15628
5.25000 0.90000 0.41657
5.28125 0.00000 0.00000
5.28125 0.10000 0.00000
5.28125 0.20000 0.14366
5.28125 0.30000 0.49642
5.28125 0.40000 0.80803
5.28125 0.50000 0.81977
5.28125 0.60000 0.53127
5.28125 0.70000 0.21167
5.28125 0.80000 0.15628
5.28125 0.90000 0.41657
5.31250 0.00000 0.00000
5.31250 0.10000 0.00000
5.31250 0.20000 0.14366
5.31250 0.30000 0.49642
5.31250 0.40000 0.80803
5.31250 0.50000 0.81977
5.31250 0.60000 0.53127
5.31250 0.70000 0.21167
5.31250 0.80000 0.15628
5.31250 0.90000 0.41657
5.34375 0.00000 0.00000
5.34375 0.10000 0.00000
5.34375 0.20000 0.14366
5.34375 0.30000 0.49642
5.34375 0.40000 0.80803
5.34375 0.50000 0.81977
5.34375 0.60000 0.53127
5.34375 0.70000 0.21167
5.34375 0.80000 0.15628
5.34375 0.90000 0.41657
5.37500 0.00000 0.00000
5.37500 0.10000 0.00000
5.37500 0.20000 0.14366
5.37500 0.30000 0.49642
5.37500 0.40000 0.80803
5.37500 0.50000 0.81977
5.37500 0.60000 0.53127
5.37500 0.70000 0.21167
5.37500 0.80000 0.15628
5.37500 0.90000 0.41657
5.40625 0.00000 0.00000
5.40625 0.10000 0.00000
5.40625 0.20000 0.14366
5.40625 0.30000 0.49642
5.40625 0.40000 0.80803
5.40625 0.50000 0.81977
5.40625 0.60000 0.53127
5.40625 0.70000 0.21167
5.40625 0.80000 0.15628
5.40625 0.90000 0.41657
5.43750 0.00000 0.00000
5.43750 0.10000 0.00000
5.43750 0.20000 0.14366
5.43750 0.30000 0.49642
5.43750 0.40000 0.80803
5.43750 0.50000 0.81977
5.43750 0.60000 0.53127
5.43750 0.70000 0.21167
5.43750 0.80000 0.15628
5.43750 0.90000 0.41657
5.46875 0.00000 0.00000
5.46875 0.10000 0.00000
5.46875 0.20000 0.14366
5.46875 0.30000 0.49642
5.46875 0.40000 0.80803
5.46875 0.50000 0.81977
5.46875 0.60000 0.53127
5.46875 0.70000 0.21167
5.46875 0.80000 0.15628
5.46875 0.90000 0.41657
5.50000 0.00000 0.00000
5.50000 0.10000 0.00000
5.50000 0.20000 0.14366
5.50000 0.30000 0.49642
5.50000 0.40000 0.80803
5.50000 0.50000 0.81977
5.50000 0.60000 0.53127
5.50000 0.70000 0.21167
5.50000 0.80000 0.15628
5.50000 0.90000 0.41657
5.53125 0.00000 0.00000
5.53125 0.10000 0.00000
5.53125 0.20000 0.14366
5.53125 0.30000 0.49642
5.53125 0.40000 0.80803
5.53125 0.50000 0.81977
5.53125 0.60000 0.53127
5.53125 0.70000 0.21167
5.53125 0.80000 0.15628
5.53125 0.90000 0.41657
5.56250 0.00000 0.00000
5.56250 0.10000 0.00000
5.56250 0.20000 0.14366
5.56250 0.30000 0.49642
5.56250 0.40000 0.80803
5.56250 0.50000 0.81977
5.56250 0.60000 0.53127
5.56250 0.70000 0.21167
5.56250 0.80000 0.15628
5.56250 0.90000 0.41657
5.59375 0.00000 0.00000
5.59375 0.10000 0.00000
5.59375 0.20000 0.14366
5.59375 0.30000 0.49642
5.59375 0.40000 0.80803
5.59375 0.50000 0.81977
5.59375 0.60000 0.53127
5.59375 0.70000 0.21167
5.59375 0.80000 0.15628
5.59375 0.90000 0.41657
5.62500 0.00000 0.00000
5.62500 0.10000 0.00000
5.62500 0.20000 0.14366
5.62500 0.30000 0.49642
5.62500 0.40000 0.80803
5.62500 0.50000 0.81977
5.62500 0.60000 0.53127
5.62500 0.70000 0.21167
5.62500 0.80000 0.15628
5.62500 0.90000 0.41657
5.65625 0.00000 0.00000
5.65625 0.10000 0.00000
5.65625 0.20000 0.14366
5.65625 0.30000 0.49642
5.65625 0.40000 0.80803
5.65625 0.50000 0.81977
5.65625 0.60000 0.53127
5.65625 0.70000 0.21167
5.65625 0.80000 0.15628
5.65625 0.90000 0.41657
5.68750 0.00000 0.00000
5.68750 0.10000 0.00000
5.68750 0.20000 0.14366
5.68750 0.30000 0.49642
5.68750 0.40000 0.80803
5.68750 0.50000 0.81977
5.68750 0.60000 0.53127
5.68750 0.70000 0.21167
5.68750 0.80000 0.15628
5.68750 0.90000 0.41657
5.71875 0.00000 0.00000
5.71875 0.10000 0.00000
5.71875 0.20000 0.14366
5.71875 0.30000 0.49642
5.71875 0.40000 0.80803
5.71875 0.50000 0.81977
5.71875 0.60000 0.53127
5.71875 0.70000 0.21167
5.71875 0.80000 0.15628
5.71875 0.90000 0.41657
5.75000 0.00000 0.00000
5.75000 0.10000 0.00000
5.75000 0.20000 0.14366
5.75000 0.30000 0.49642
5.75000 0.40000 0.80803
5.75000 0.50000 0.81977
5.75000 0.60000 0.53127
5.75000 0.70000 0.21167
5.75000 0.80000 0.15628
5.75000 0.90000 0.41657
5.78125 0.00000 0.00000
5.78125 0.10000 0.00000
5.78125 0.20000 0.14366
5.78125 0.30000 0.49642
5.78125 0.40000 0.80803
5.78125 0.50000 0.81977
5.78125 0.60000 0.53127
5.78125 0.70000 0.21167
5.78125 0.80000 0.15628
5.78125 0.90000 0.41657
5.81250 0.00000 0.00000
5.81250 0.10000 0.00000
5.81250 0.20000 0.14366
5.81250 0.30000 0.49642
5.81250 0.40000 0.80803
5.81250 0.50000 0.81977
5.81250 0.60000 0.53127
5.81250 0.70000 0.21167
5.81250 0.80000 0.15628
5.81250 0.90000 0.41657
5.84375 0.00000 0.00000
5.84375 0.10000 0.00000
5.84375 0.20000 0.14366
5.84375 0.30000 0.49642
5.84375 0.40000 0.80803
5.84375 0.50000 0.81977
5.84375 0.60000 0.53127
5.84375 0.70000 0.21167
5.84375 0.80000 0.15628
5.84375 0.90000 0.41657
5.87500 0.00000 0.00000
5.87500 0.10000 0.00000
5.87500 0.20000 0.14366
5.87500 0.30000 0.49642
5.87500 0.40000 0.80803
5.87500 0.50000 0.81977
5.87500 0.60000 0.53127
5.87500 0.70000 0.21167
5.87500 0.80000 0.15628
5.87500 0.90000 0.41657
5.90625 0.00000 0.00000
5.90625 0.10000 0.00000
5.90625 0.20000 0.14366
5.90625 0.30000 0.49642
5.90625 0.40000 0.80803
5.90625 0.50000 0.81977
5.90625 0.60000 0.53127
5.90625 0.70000 0.21167
5.90625 0.80000 0.15628
5.90625 0.90000 0.41657
5.93750 0.00000 0.00000
5.93750 0.10000 0.00000
5.93750 0.20000 0.14366
5.93750 0.30000 0.49642
5.93750 0.40000 0.80803
5.93750 0.50000 0.81977
5.93750 0.60000 0.53127
5.93750 0.70000 0.21167
5.93750 0.80000 0.15628
5.93750 0.90000 0.41657
5.96875 0.00000 0.00000
5.96875 0.10000 0.00000
5.96875 0.20000 0.14366
5.96875 0.30000 0.49642
5.96875 0.40000 0.80803
5.96875 0.50000 0.81977
5.96875 0.60000 0.53127
5.96875 0.70000 0.21167
5.96875 0.80000 0.15628
5.96875 0.90000 0.41657
6.00000 0.00000 0.00000
6.00000 0.10000 0.00000
6.00000 0.20000 0.14366
6.00000 0.30000 0.49642
6.00000 0.40000 0.80803
6.00000 0.50000 0.81977
6.00000 0.60000 0.53127
6.00000 0.70000 0.21167
6.00000 0.80000 0.15628
6.00000 0.90000 0.41657
6.03125 0.00000 0.00000
6.03125 0.10000 0.00000
6.03125 0.20000 0.14366
6.03125 0.30000 0.49642
6.03125 0.40000 0.80803
6.03125 0.50000 0.81977
6.03125 0.60000 0.53127
6.03125 0.70000 0.21167
6.03125 0.80000 0.15628
6.03125 0.90000 0.41657
6.06250 0.00000 0.00000
6.06250 0.10000 0.00000
6.06250 0.20000 0.14366
6.06250 0.30000 0.49642
6.06250 0.40000 0.80803
6.06250 0.50000 0.81977
6.06250 0.60000 0.53127
6.06250 0.70000 0.21167
6.06250 0.80000 0.15628
6.06250 0.90000 0.41657
6.09375 0.00000 0.00000
6.09375 0.10000 0.00000
6.09375 0.20000 0.14366
6.09375 0.30000 0.49642
6.09375 0.40000 0.80803
6.09375 0.50000 0.81977
6.09375 0.60000 0.53127
6.09375 0.70000 0.21167
6.09375 0.80000 0.15628
6.09375 0.90000 0.41657
6.12500 0.00000 0.00000
6.12500 0.10000 0.00000
6.12500 0.20000 0.14366
6.12500 0.30000 0.49642
6.12500 0.40000 0.80803
6.12500 0.50000 0.81977
6.12500 0.60000 0.53127
6.12500 0.70000 0.21167
6.12500 0.80000 0.15628
6.12500 0.90000 0.41657
6.15625 0.00000 0.00000
6.15625 0.10000 0.00000
6.15625 0.20000 0.14366
6.15625 0.30000 0.49642
6.15625 0.40000 0.80803
6.15625 0.50000 0.81977
6.15625 0.60000 0.53127
6.15625 0.70000 0.21167
6.15625 0.80000 0.15628
6.15625 0.90000 0.41657
6.18750 0.00000 0.00000
6.18750 0.10000 0.00000
6.18750 0.20000 0.14366
6.18750 0.30000 0.49642
6.18750 0.40000 0.80803
6.18750 0.50000 0.81977
6.18750 0.60000 0.53127
6.18750 0.70000 0.21167
6.18750 0.80000 0.15628
6.18750 0.90000 0.41657
6.21875 0.00000 0.00000
6.21875 0.10000 0.00000
6.21875 0.20000 0.14366
6.21875 0.30000 0.49642
6.21875 0.40000 0.80803
6.21875 0.50000 0.81977
6.21875 0.60000 0.53127
6.21875 0.70000 0.21167
6.21875 0.80000 0.15628
6.21875 0.90000 0.41657
6.25000 0.00000 0.00000
6.25000 0.10000 0.00000
6.25000 0.20000 0.14366
6.25000 0.30000 0.49642
6.25000 0.40000 0.80803
6.25000 0.50000 0.81977
6.25000 0.60000 0.53127
6.25000 0.70000 0.21167
6.25000 0.80000 0.15628
6.25000 0.90000 0.41657
6.28125 0.00000 0.00000
6.28125 0.10000 0.00000
6.28125 0.20000 0.14366
6.28125 0.30000 0.49642
6.28125 0.40000 0.80803
6.28125 0.50000 0.81977
6.28125 0.60000 0.53127
6.28125 0.70000 0.21167
6.28125 0.80000 0.15628
6.28125 0.90000 0.41657
6.31250 0.00000 0.00000
6.31250 0.10000 0.00000
6.31250 0.20000 0.14366
6.31250 0.30000 0.49642
6.31250 0.40000 0.80803
6.31250 0.50000 0.81977
6.31250 0.60000 0.53127
6.31250 0.70000 0.21167
6.31250 0.80000 0.15628
6.31250 0.90000 0.41657
6.34375 0.00000 0.00000
6.34375 0.10000 0.00000
6.34375 0.20000 0.14366
6.34375 0.30000 0.49642
6.34375 0.40000 0.80803
6.34375 0.50000 0.81977
6.34375 0.60000 0.53127
6.34375 0.70000 0.21167
6.34375 0.80000 0.15628
6.34375 0.90000 0.41657
6.37500 0.00000 0.00000
6.37500 0.10000 0.00000
6.37500 0.20000 0.14366
6.37500 0.30000 0.49642
6.37500 0.40000 0.80803
6.37500 0.50000 0.81977
6.37500 0.60000 0.53127
6.37500 0.70000 0.21167
6.37500 0.80000 0.15628
6.37500 0.90000 0.41657
6.40625 0.00000 0.00000
6.40625 0.10000 0.00000
6.40625 0.20000 0.14366
6.40625 0.30000 0.49642
6.40625 0.40000 0.80803
6.40625 0.50000 0.81977
6.40625 0.60000 0.53127
6.40625 0.70000 0.21167
6.40625 0.80000 0.15628
6.40625 0.90000 0.41657
6.43750 0.00000 0.00000
6.43750 0.10000 0.00000
6.43750 0.20000 0.14366
6.43750 0.30000 0.49642
6.43750 0.40000 0.80803
6.43750 0.50000 0.81977
6.43750 0.60000 0.53127
6.43750 0.70000 0.21167
6.43750 0.80000 0.15628
6.43750 0.90000 0.41657
6.46875 0.00000 0.00000
6.46875 0.10000 0.00000
6.46875 0.20000 0.14366
6.46875 0.30000 0.49642
6.46875 0.40000 0.80803
6.46875 0.50000 0.81977
6.46875 0.60000 0.53127
6.46875 0.70000 0.21167
6.46875 0.80000 0.15628
6.46875 0.90000 0.41657
6.50000 0.00000 0.00000
6.50000 0.10000 0.00000
6.50000 0.20000 0.14366
6.50000 0.30000 0.49642
6.50000 0.40000 0.80803
6.50000 0.50000 0.81977
6.50000 0.60000 0.53127
6.50000 0.70000 0.21167
6.50000 0.80000 0.15628
6.50000 0.90000 0.41657
6.53125 0.00000 0.00000
6.53125 0.10000 0.00000
6.53125 0.20000 0.14366
6.53125 0.30000 0.49642
6.53125 0.40000 0.80803
6.53125 0.50000 0.81977
6.53125 0.60000 0.53127
6.53125 0.70000 0.21167
6.53125 0.80000 0.15628
6.53125 0.90000 0.41657
6.56250 0.00000 0.00000
6.56250 0.10000 0.00000
6.56250 0.20000 0.14366
6.56250 0.30000 0.49642
6.56250 0.40000 0.80803
6.56250 0.50000 0.81977
6.56250 0.60000 0.53127
6.56250 0.70000 0.21167
6.56250 0.80000 0.15628
6.56250 0.90000 0.41657
6.59375 0.00000 0.00000
6.59375 0.10000 0.00000
6.59375 0.20000 0.14366
6.59375 0.30000 0.49642
6.59375 0.40000 0.80803
6.59375 0.50000 0.81977
6.59375 0.60000 0.53127
6.59375 0.70000 0.21167
6.59375 0.80000 0.15628
6.59375 0.90000 0.41657
6.62500 0.00000 0.00000
6.62500 0.10000 0.00000
6.62500 0.20000 0.14366
6.62500 0.30000 0.49642
6.62500 0.40000 0.80803
6.62500 0.50000 0.81977
6.62500 0.60000 0.53127
6.62500 0.70000 0.21167
6.62500 0.80000 0.15628
6.62500 0.90000 0.41657
6.65625 0.00000 0.00000
6.65625 0.10000 0.00000
6.65625 0.20000 0.14366
6.65625 0.30000 0.49642
6.65625 0.40000 0.80803
6.65625 0.50000 0.81977
6.65625 0.60000 0.53127
6.65625 0.70000 0.21167
6.65625 0.80000 0.15628
6.65625 0.90000 0.41657
6.68750 0.00000 0.00000
6.68750 0.10000 0.00000
6.68750 0.20000 0.14366
6.68750 0.30000 0.49642
6.68750 0.40000 0.80803
6.68750 0.50000 0.81977
6.68750 0.60000 0.53127
6.68750 0.70000 0.21167
6.68750 0.80000 0.15628
6.68750 0.90000 0.41657
6.71875 0.00000 0.00000
6.71875 0.10000 0.00000
6.71875 0.20000 0.14366
6.71875 0.30000 0.49642
6.71875 0.40000 0.80803
6.71875 0.50000 0.81977
6.71875 0.60000 0.53127
6.71875 0.70000 0.21167
6.71875 0.80000 0.15628
6.71875 0.90000 0.41657
6.75000 0.00000 0.00000
6.75000 0.10000 0.00000
6.75000 0.20000 0.14366
6.75000 0.30000 0.49642
6.75000 0.40000 0.80803
6.75000 0.50000 0.81977
6.75000 0.60000 0.53127
6.75000 0.70000 0.21167
6.75000 0.80000 0.15628
6.75000 0.90000 0.41657
6.78125 0.00000 0.00000
6.78125 0.10000 0.00000
6.78125 0.20000 0.14366
6.78125 0.30000 0.49642
6.78125 0.40000 0.80803
6.78125 0.50000 0.81977
6.78125 0.60000 0.53127
6.78125 0.70000 0.21167
6.78125 0.80000 0.15628
6.78125 0.90000 0.41657
6.81250 0.00000 0.00000
6.81250 0.10000 0.00000
6.81250 0.20000 0.14366
6.81250 0.30000 0.49642
6.81250 0.40000 0.80803
6.81250 0.50000 0.81977
6.81250 0.60000 0.53127
6.81250 0.70000 0.21167
6.81250 0.80000 0.15628
6.81250 0.90000 0.41657
6.84375 0.00000 0.00000
6.84375 0.10000 0.00000
6.84375 0.20000 0.14366
6.84375 0.30000 0.49642
6.84375 0.40000 0.80803
6.84375 0.50000 0.81977
6.84375 0.60000 0.53127
6.84375 0.70000 0.21167
6.84375 0.80000 0.15628
6.84375 0.90000 0.41657
6.87500 0.00000 0.00000
6.87500 0.10000 0.00000
6.87500 0.20000 0.14366
6.87500 0.30000 0.49642
6.87500 0.40000 0.80803
6.87500 0.50000 0.81977
6.87500 0.60000 0.53127
6.87500 0.70000 0.21167
6.87500 0.80000 0.15628
6.87500 0.90000 0.41657
6.90625 0.00000 0.00000
6.90625 0.10000 0.00000
6.90625 0.20000 0.14366
6.90625 0.30000 0.49642
6.90625 0.40000 0.80803
6.90625 0.50000 0.81977
6.90625 0.60000 0.53127
6.90625 0.70000 0.21167
6.90625 0.80000 0.15628
6.90625 0.90000 0.41657
6.93750 0.00000 0.00000
6.93750 0.10000 0.00000
6.93750 0.20000 0.14366
6.93750 0.30000 0.49642
6.93750 0.40000 0.80803
6.93750 0.50000 0.81977
6.93750 0.60000 0.53127
6.93750 0.70000 0.21167
6.93750 0.80000 0.15628
6.93750 0.90000 0.41657
6.96875 0.00000 0.00000
6.96875 0.10000 0.00000
6.96875 0.20000 0.14366
6.96875 0.30000 0.49642
6.96875 0.40000 0.80803
6.96875 0.50000 0.81977
6.96875 0.60000 0.53127
6.96875 0.70000 0.21167
6.96875 0.80000 0.15628
6.96875 0.90000 0.41657
7.00000 0.00000 0.00000
7.00000 0.10000 0.00000
7.00000 0.20000 0.14366
7.00000 0.30000 0.49642
7.00000 0.40000 0.80803
7.00000 0.50000 0.81977
7.00000 0.60000 0.53127
7.00000 0.70000 0.21167
7.00000 0.80000 0.15628
7.00000 0.90000 0.41657
7.03125 0.00000 0.00000
7.03125 0.10000 0.00000
7.03125 0.20000 0.14366
7.03125 0.30000 0.49642
7.03125 0.40000 0.80803
7.03125 0.50000 0.81977
7.03125 0.60000 0.53127
7.03125 0.70000 0.21167
7.03125 0.80000 0.15628
7.03125 0.90000 0.41657
7.06250 0.00000 0.00000
7.06250 0.10000 0.00000
7.06250 0.20000 0.14366
7.06250 0.30000 0.49642
7.06250 0.40000 0.80803
7.06250 0.50000 0.81977
7.06250 0.60000 0.53127
7.06250 0.70000 0.21167
7.06250 0.80000 0.15628
7.06250 0.90000 0.41657
7.09375 0.00000 0.00000
7.09375 0.10000 0.00000
7.09375 0.20000 0.14366
7.09375 0.30000 0.49642
7.09375 0.40000 0.80803
7.09375 0.50000 0.81977
7.09375 0.60000 0.53127
7.09375 0.70000 0.21167
7.09375 0.80000 0.15628
7.09375 0.90000 0.41657
7.12500 0.00000 0.00000
7.12500 0.10000 0.00000
7.12500 0.20000 0.14366
7.12500 0.30000 0.49642
7.12500 0.40000 0.80803
7.12500 0.50000 0.81977
7.12500 0.60000 0.53127
7.12500 0.70000 0.21167
7.12500 0.80000 0.15628
7.12500 0.90000 0.41657
7.15625 0.00000 0.00000
7.15625 0.10000 0.00000
7.15625 0.20000 0.14366
7.15625 0.30000 0.49642
7.15625 0.40000 0.80803
7.15625 0.50000 0.81977
7.15625 0.60000 0.53127
7.15625 0.70000 0.21167
7.15625 0.80000 0.15628
7.15625 0.90000 0.41657
7.18750 0.00000 0.00000
7.18750 0.10000 0.00000
7.18750 0.20000 0.14366
7.18750 0.30000 0.49642
7.18750 0.40000 0.80803
7.18750 0.50000 0.81977
7.18750 0.60000 0.53127
7.18750 0.70000 0.21167
7.18750 0.80000 0.15628
7.18750 0.90000 0.41657
7.21875 0.00000 0.00000
7.21875 0.10000 0.00000
7.21875 0.20000 0.14366
7.21875 0.30000 0.49642
7.21875 0.40000 0.80803
7.21875 0.50000 0.81977
7.21875 0.60000 0.53127
7.21875 0.70000 0.21167
7.21875 0.80000 0.15628
7.21875 0.90000 0.41657
7.25000 0.00000 0.00000
7.25000 0.10000 0.00000
7.25000 0.20000 0.14366
7.25000 0.30000 0.49642
7.25000 0.40000 0.80803
7.25000 0.50000 0.81977
7.25000 0.60000 0.53127
7.25000 0.70000 0.21167
7.25000 0.80000 0.15628
7.25000 0.90000 0.41657
7.28125 0.00000 0.00000
7.28125 0.10000 0.00000
7.28125 0.20000 0.14366
7.28125 0.30000 0.49642
7.28125 0.40000 0.80803
7.28125 0.50000 0.81977
7.28125 0.60000 0.53127
7.28125 0.70000 0.21167
7.28125 0.80000 0.15628
7.28125 0.90000 0.41657
7.31250 0.00000 0.00000
7.31250 0.10000 0.00000
7.31250 0.20000 0.14366
7.31250 0.30000 0.49642
7.31250 0.40000 0.80803
7.31250 0.50000 0.81977
7.31250 0.60000 0.53127
7.31250 0.70000 0.21167
7.31250 0.80000 0.15628
7.31250 0.90000 0.41657
7.34375 0.00000 0.00000
7.34375 0.10000 0.00000
7.34375 0.20000 0.14366
7.34375 0.30000 0.49642
7.34375 0.40000 0.80803
7.34375 0.50000 0.81977
7.34375 0.60000 0.53127
7.34375 0.70000 0.21167
7.34375 0.80000 0.15628
7.34375 0.90000 0.41657
7.37500 0.00000 0.00000
7.37500 0.10000 0.00000
7.37500 0.20000 0.14366
7.37500 0.30000 0.49642
7.37500 0.40000 0.80803
7.37500 0.50000 0.81977
7.37500 0.60000 0.53127
7.37500 0.70000 0.21167
7.37500 0.80000 0.15628
7.37500 0.90000 0.41657
7.40625 0.00000 0.00000
7.40625 0.10000 0.00000
7.40625 0.20000 0.14366
7.40625 0.30000 0.49642
7.40625 0.40000 0.80803
7.40625 0.50000 0.81977
7.40625 0.60000 0.53127
7.40625 0.70000 0.21167
7.40625 0.80000 0.15628
7.40625 0.90000 0.41657
7.43750 0.00000 0.00000
7.43750 0.10000 0.00000
7.43750 0.20000 0.14366
7.43750 0.30000 0.49642
7.43750 0.40000 0.80803
7.43750 0.50000 0.81977
7.43750 0.60000 0.53127
7.43750 0.70000 0.21167
7.43750 0.80000 0.15628
7.43750 0.90000 0.41657
7.46875 0.00000 0.00000
7.46875 0.10000 0.00000
7.46875 0.20000 0.14366
7.46875 0.30000 0.49642
7.46875 0.40000 0.80803
7.46875 0.50000 0.81977
7.46875 0.60000 0.53127
7.46875 0.70000 0.21167
7.46875 0.80000 0.15628
7.46875 0.90000 0.41657
7.50000 0.00000 0.00000
7.50000 0.10000 0.00000
7.50000 0.20000 0.14366
7.50000 0.30000 0.49642
7.50000 0.40000 0.80803
7.50000 0.50000 0.81977
7.50000 0.60000 0.53127
7.50000 0.70000 0.21167
7.50000 0.80000 0.15628
7.50000 0.90000 0.41657
7.53125 0.00000 0.00000
7.53125 0.10000 0.00000
7.53125 0.20000 0.14366
7.53125 0.30000 0.49642
7.53125 0.40000 0.80803
7.53125 0.50000 0.81977
7.53125 0.60000 0.53127
7.53125 0.70000 0.21167
7.53125 0.80000 0.15628
7.53125 0.90000 0.41657
7.56250 0.00000 0.00000
7.56250 0.10000 0.00000
7.56250 0.20000 0.14366
7.56250 0.30000 0.49642
7.56250 0.40000 0.80803
7.56250 0.50000 0.81977
7.56250 0.60000 0.53127
7.56250 0.70000 0.21167
7.56250 0.80000 0.15628
7.56250 0.90000 0.41657
7.59375 0.00000 0.00000
7.59375 0.10000 0.00000
7.59375 0.20000 0.14366
7.59375 0.30000 0.49642
7.59375 0.40000 0.80803
7.59375 0.50000 0.81977
7.59375 0.60000 0.53127
7.59375 0.70000 0.21167
7.59375 0.80000 0.15628
7.59375 0.90000 0.41657
7.62500 0.00000 0.00000
7.62500 0.10000 0.00000
7.62500 0.20000 0.14366
7.62500 0.30000 0.49642
7.62500 0.40000 0.80803
7.62500 0.50000 0.81977
7.62500 0.60000 0.53127
7.62500 0.70000 0.21167
7.62500 0.80000 0.15628
7.62500 0.90000 0.41657
7.65625 0.00000 0.00000
7.65625 0.10000 0.00000
7.65625 0.20000 0.14366
7.65625 0.30000 0.49642
7.65625 0.40000 0.80803
7.65625 0.50000 0.81977
7.65625 0.60000 0.53127
7.65625 0.70000 0.21167
7.65625 0.80000 0.15628
7.65625 0.90000 0.41657
7.68750 0.00000 0.00000
7.68750 0.10000 0.00000
7.68750 0.20000 0.14366
7.68750 0.30000 0.49642
7.68750 0.40000 0.80803
7.68750 0.50000 0.81977
7.68750 0.60000 0.53127
7.68750 0.70000 0.21167
7.68750 0.80000 0.15628
7.68750 0.90000 0.41657
7.71875 0.00000 0.00000
7.71875 0.10000 0.00000
7.71875 0.20000 0.14366
7.71875 0.30000 0.49642
7.71875 0.40000 0.80803
7.71875 0.50000 0.81977
7.71875 0.60000 0.53127
7.71875 0.70000 0.21167
7.71875 0.80000 0.15628
7.71875 0.90000 0.41657
7.75000 0.00000 0.00000
7.75000 0.10000 0.00000
7.75000 0.20000 0.14366
7.75000 0.30000 0.49642
7.75000 0.40000 0.80803
7.75000 0.50000 0.81977
7.75000 0.60000 0.53127
7.75000 0.70000 0.21167
7.75000 0.80000 0.15628
7.75000 0.90000 0.41657
7.78125 0.00000 0.00000
7.78125 0.10000 0.00000
7.78125 0.20000 0.14366
7.78125 0.30000 0.49642
7.78125 0.40000 0.80803
7.78125 0.50000 0.81977
7.78125 0.60000 0.53127
7.78125 0.70000 0.21167
7.78125 0.80000 0.15628
7.78125 0.90000 0.41657
7.81250 0.00000 0.00000
7.81250 0.10000 0.00000
7.81250 0.20000 0.14366
7.81250 0.30000 0.49642
7.81250 0.40000 0.80803
7.81250 0.50000 0.81977
7.81250 0.60000 0.53127
7.81250 0.70000 0.21167
7.81250 0.80000 0.15628
7.81250 0.90000 0.41657
7.84375 0.00000 0.00000
7.84375 0.10000 0.00000
7.84375 0.20000 0.14366
7.84375 0.30000 0.49642
7.84375 0.40000 0.80803
7.84375 0.50000 0.81977
7.84375 0.60000 0.53127
7.84375 0.70000 0.21167
7.84375 0.80000 0.15628
7.84375 0.90000 0.41657
7.87500 0.00000 0.00000
7.87500 0.10000 0.00000
7.87500 0.20000 0.14366
7.87500 0.30000 0.49642
7.87500 0.40000 0.80803
7.87500 0.50000 0.81977
7.87500 0.60000 0.53127
7.87500 0.70000 0.21167
7.87500 0.80000 0.15628
7.87500 0.90000 0.41657
7.90625 0.00000 0.00000
7.90625 0.10000 0.00000
7.90625 0.20000 0.14366
7.90625 0.30000 0.49642
7.90625 0.40000 0.80803
7.90625 0.50000 0.81977
7.90625 0.60000 0.53127
7.90625 0.70000 0.21167
7.90625 0.80000 0.15628
7.90625 0.90000 0.41657
7.93750 0.00000 0.00000
7.93750 0.10000 0.00000
7.93750 0.20000 0.14366
7.93750 0.30000 0.49642
7.93750 0.40000 0.80803
7.93750 0.50000 0.81977
7.93750 0.60000 0.53127
7.93750 0.70000 0.21167
7.93750 0.80000 0.15628
7.93750 0.90000 0.41657
7.96875 0.00000 0.00000
7.96875 0.10000 0.00000
7.96875 0.20000 0.14366
7.96875 0.30000 0.49642
7.96875 0.40000 0.80803
7.96875 0.50000 0.81977
7.96875 0.60000 0.53127
7.96875 0.70000 0.21167
7.96875 0.80000 0.15628
7.96875 0.90000 0.41657
8.00000 0.00000 0.00000
8.00000 0.10000 0.00000
8.00000 0.20000 0.14366
8.00000 0.30000 0.49642
8.00000 0.40000 0.80803
8.00000 0.50000 0.81977
8.00000 0.60000 0.53127
8.00000 0.70000 0.21167
8.00000 0.80000 0.15628
8.00000 0.90000 0.41657
8.03125 0.00000 0.00000
8.03125 0.10000 0.00000
8.03125 0.20000 0.14366
8.03125 0.30000 0.49642
8.03125 0.40000 0.80803
8.03125 0.50000 0.81977
8.03125 0.60000 0.53127
8.03125 0.70000 0.21167
8.03125 0.80000 0.15628
8.03125 0.90000 0.41657
8.06250 0.00000 0.00000
8.06250 0.10000 0.00000
8.06250 0.20000 0.14366
8.06250 0.30000 0.49642
8.06250 0.40000 0.80803
8.06250 0.50000 0.81977
8.06250 0.60000 0.53127
8.06250 0.70000 0.21167
8.06250 0.80000 0.15628
8.06250 0.90000 0.41657
8.09375 0.00000 0.00000
8.09375 0.10000 0.00000
8.09375 0.20000 0.14366
8.09375 0.30000 0.49642
8.09375 0.40000 0.80803
8.09375 0.50000 0.81977
8.09375 0.60000 0.53127
8.09375 0.70000 0.21167
8.09375 0.80000 0.15628
8.09375 0.90000 0.41657
8.12500 0.00000 0.00000
8.12500 0.10000 0.00000
8.12500 0.20000 0.14366
8.12500 0.30000 0.49642
8.12500 0.40000 0.80803
8.12500 0.50000 0.81977
8.12500 0.60000 0.53127
8.12500 0.70000 0.21167
8.12500 0.80000 0.15628
8.12500 0.90000 0.41657
8.15625 0.00000 0.00000
8.15625 0.10000 0.00000
8.15625 0.20000 0.14366
8.15625 0.30000 0.49642
8.15625 0.40000 0.80803
8.15625 0.50000 0.81977
8.15625 0.60000 0.53127
8.15625 0.70000 0.21167
8.15625 0.80000 0.15628
8.15625 0.90000 0.41657
8.18750 0.00000 0.00000
8.18750 0.10000 0.00000
8.18750 0.20000 0.14366
8.18750 0.30000 0.49642
8.18750 0.40000 0.80803
8.18750 0.50000 0.81977
8.18750 0.60000 0.53127
8.18750 0.70000 0.21167
8.18750 0.80000 0.15628
8.18750 0.90000 0.41657
8.21875 0.00000 0.00000
8.21875 0.10000 0.00000
8.21875 0.20000 0.14366
8.21875 0.30000 0.49642
8.21875 0.40000 0.80803
8.21875 0.50000 0.81977
8.21875 0.60000 0.53127
8.21875 0.70000 0.21167
8.21875 0.80000 0.15628
8.21875 0.90000 0.41657
8.25000 0.00000 0.00000
8.25000 0.10000 0.00000
8.25000 0.20000 0.14366
8.25000 0.30000 0.49642
8.25000 0.40000 0.80803
8.25000 0.50000 0.81977
8.25000 0.60000 0.53127
8.25000 0.70000 0.21167
8.25000 0.80000 0.15628
8.25000 0.90000 0.41657
8.28125 0.00000 0.00000
8.28125 0.10000 0.00000
8.28125 0.20000 0.14366
8.28125 0.30000 0.49642
8.28125 0.40000 0.80803
8.28125 0.50000 0.81977
8.28125 0.60000 0.53127
8.28125 0.70000 0.21167
8.28125 0.80000 0.15628
8.28125 0.90000 0.41657
8.31250 0.00000 0.00000
8.31250 0.10000 0.00000
8.31250 0.20000 0.14366
8.31250 0.30000 0.49642
8.31250 0.40000 0.80803
8.31250 0.50000 0.81977
8.31250 0.60000 0.53127
8.31250 0.70000 0.21167
8.31250 0.80000 0.15628
8.31250 0.90000 0.41657
8.34375 0.00000 0.00000
8.34375 0.10000 0.00000
8.34375 0.20000 0.14366
8.34375 0.30000 0.49642
8.34375 0.40000 0.80803
8.34375 0.50000 0.81977
8.34375 0.60000 0.53127
8.34375 0.70000 0.21167
8.34375 0.80000 0.15628
8.34375 0.90000 0.41657
8.37500 0.00000 0.00000
8.37500 0.10000 0.00000
8.37500 0.20000 0.14366
8.37500 0.30000 0.49642
8.37500 0.40000 0.80803
8.37500 0.50000 0.81977
8.37500 0.60000 0.53127
8.37500 0.70000 0.21167
8.37500 0.80000 0.15628
8.37500 0.90000 0.41657
8.40625 0.00000 0.00000
8.40625 0.10000 0.00000
8.40625 0.20000 0.14366
8.40625 0.30000 0.49642
8.40625 0.40000 0.80803
8.40625 0.50000 0.81977
8.40625 0.60000 0.53127
8.40625 0.70000 0.21167
8.40625 0.80000 0.15628
8.40625 0.90000 0.41657
8.43750 0.00000 0.00000
8.43750 0.10000 0.00000
8.43750 0.20000 0.14366
8.43750 0.30000 0.49642
8.43750 0.40000 0.80803
8.43750 0.50000 0.81977
8.43750 0.60000 0.53127
8.43750 0.70000 0.21167
8.43750 0.80000 0.15628
8.43750 0.90000 0.41657
8.46875 0.00000 0.00000
8.46875 0.10000 0.00000
8.46875 0.20000 0.14366
8.46875 0.30000 0.49642
8.46875 0.40000 0.80803
8.46875 0.50000 0.81977
8.46875 0.60000 0.53127
8.46875 0.70000 0.21167
8.46875 0.80000 0.15628
8.46875 0.90000 0.41657
8.50000 0.00000 0.00000
8.50000 0.10000 0.00000
8.50000 0.20000 0.14366
8.50000 0.30000 0.49642
8.50000 0.40000 0.80803
8.50000 0.50000 0.81977
8.50000 0.60000 0.53127
8.50000 0.70000 0.21167
8.50000 0.80000 0.15628
8.50000 0.90000 0.41657
8.53125 0.00000 0.00000
8.53125 0.10000 0.00000
8.53125 0.20000 0.14366
8.53125 0.30000 0.49642
8.53125 0.40000 0.80803
8.53125 0.50000 0.81977
8.53125 0.60000 0.53127
8.53125 0.70000 0.21167
8.53125 0.80000 0.15628
8.53125 0.90000 0.41657
8.56250 0.00000 0.00000
8.56250 0.10000 0.00000
8.56250 0.20000 0.14366
8.56250 0.30000 0.49642
8.56250 0.40000 0.80803
8.56250 0.50000 0.81977
8.56250 0.60000 0.53127
8.56250 0.70000 0.21167
8.56250 0.80000 0.15628
8.56250 0.90000 0.41657
8.59375 0.00000 0.00000
8.59375 0.10000 0.00000
8.59375 0.20000 0.14366
8.59375 0.30000 0.49642
8.59375 0.40000 0.80803
8.59375 0.50000 0.81977
8.59375 0.60000 0.53127
8.59375 0.70000 0.21167
8.59375 0.80000 0.15628
8.59375 0.90000 0.41657
8.62500 0.00000 0.00000
8.62500 0.10000 0.00000
8.62500 0.20000 0.14366
8.62500 0.30000 0.49642
8.62500 0.40000 0.80803
8.62500 0.50000 0.81977
8.62500 0.60000 0.53127
8.62500 0.70000 0.21167
8.62500 0.80000 0.15628
8.62500 0.90000 0.41657
8.65625 0.00000 0.00000
8.65625 0.10000 0.00000
8.65625 0.20000 0.14366
8.65625 0.30000 0.49642
8.65625 0.40000 0.80803
8.65625 0.50000 0.81977
8.65625 0.60000 0.53127
8.65625 0.70000 0.21167
8.65625 0.80000 0.15628
8.65625 0.90000 0.41657
8.68750 0.00000 0.00000
8.68750 0.10000 0.00000
8.68750 0.20000 0.14366
8.68750 0.30000 0.49642
8.68750 0.40000 0.80803
8.68750 0.50000 0.81977
8.68750 0.60000 0.53127
8.68750 0.70000 0.21167
8.68750 0.80000 0.15628
8.68750 0.90000 0.41657
8.71875 0.00000 0.00000
8.71875 0.10000 0.00000
8.71875 0.20000 0.14366
8.71875 0.30000 0.49642
8.71875 0.40000 0.80803
8.71875 0.50000 0.81977
8.71875 0.60000 0.53127
8.71875 0.70000 0.21167
8.71875 0.80000 0.15628
8.71875 0.90000 0.41657
8.75000 0.00000 0.00000
8.75000 0.10000 0.00000
8.75000 0.20000 0.14366
8.75000 0.30000 0.49642
8.75000 0.40000 0.80803
8.75000 0.50000 0.81977
8.75000 0.60000 0.53127
8.75000 0.70000 0.21167
8.75000 0.80000 0.15628
8.75000 0.90000 0.41657
8.78125 0.00000 0.00000
8.78125 0.10000 0.00000
8.78125 0.20000 0.14366
8.78125 0.30000 0.49642
8.78125 0.40000 0.80803
8.78125 0.50000 0.81977
8.78125 0.60000 0.53127
8.78125 0.70000 0.21167
8.78125 0.80000 0.15628
8.78125 0.90000 0.41657
8.81250 0.00000 0.00000
8.81250 0.10000 0.00000
8.81250 0.20000 0.14366
8.81250 0.30000 0.49642
8.81250 0.40000 0.80803
8.81250 0.50000 0.81977
8.81250 0.60000 0.53127
8.81250 0.70000 0.21167
8.81250 0.80000 0.15628
8.81250 0.90000 0.41657
8.84375 0.00000 0.00000
8.84375 0.10000 0.00000
8.84375 0.20000 0.14366
8.84375 0.30000 0.49642
8.84375 0.40000 0.80803
8.84375 0.50000 0.81977
8.84375 0.60000 0.53127
8.84375 0.70000 0.21167
8.84375 0.80000 0.15628
8.84375 0.90000 0.41657
8.87500 0.00000 0.00000
8.87500 0.10000 0.00000
8.87500 0.20000 0.14366
8.87500 0.30000 0.49642
8.87500 0.40000 0.80803
8.87500 0.50000 0.81977
8.87500 0.60000 0.53127
8.87500 0.70000 0.21167
8.87500 0.80000 0.15628
8.87500 0.90000 0.41657
8.90625 0.00000 0.00000
8.90625 0.10000 0.00000
8.90625 0.20000 0.14366
8.90625 0.30000 0.49642
8.90625 0.40000 0.80803
8.90625 0.50000 0.81977
8.90625 0.60000 0.53127
8.90625 0.70000 0.21167
8.90625 0.80000 0.15628
8.90625 0.90000 0.41657
8.93750 0.00000 0.00000
8.93750 0.10000 0.00000
8.93750 0.20000 0.14366
8.93750 0.30000 0.49642
8.93750 0.40000 0.80803
8.93750 0.50000 0.81977
8.93750 0.60000 0.53127
8.93750 0.70000 0.21167
8.93750 0.80000 0.15628
8.93750 0.90000 0.41657
8.96875 0.00000 0.00000
8.96875 0.10000 0.00000
8.96875 0.20000 0.14366
8.96875 0.30000 0.49642
8.96875 0.40000 0.80803
8.96875 0.50000 0.81977
8.96875 0.60000 0.53127
8.96875 0.70000 0.21167
8.96875 0.80000 0.15628
8.96875 0.90000 0.41657
9.00000 0.00000 0.00000
9.00000 0.10000 0.00000
9.00000 0.20000 0.14366
9.00000 0.30000 0.49642
9.00000 0.40000 0.80803
9.00000 0.50000 0.81977
9.00000 0.60000 0.53127
9.00000 0.70000 0.21167
9.00000 0.80000 0.15628
9.00000 0.90000 0.41657
9.03125 0.00000 0.00000
9.03125 0.10000 0.00000
9.03125 0.20000 0.14366
9.03125 0.30000 0.49642
9.03125 0.40000 0.80803
9.03125 0.50000 0.81977
9.03125 0.60000 0.53127
9.03125 0.70000 0.21167
9.03125 0.80000 0.15628
9.03125 0.90000 0.41657
9.06250 0.00000 0.00000
9.06250 0.10000 0.00000
9.06250 0.20000 0.14366
9.06250 0.30000 0.49642
9.06250 0.40000 0.80803
9.06250 0.50000 0.81977
9.06250 0.60000 0.53127
9.06250 0.70000 0.21167
9.06250 0.80000 0.15628
9.06250 0.90000 0.41657
9.09375 0.00000 0.00000
9.09375 0.10000 0.00000
9.09375 0.20000 0.14366
9.09375 0.30000 0.49642
9.09375 0.40000 0.80803
9.09375 0.50000 0.81977
9.09375 0.60000 0.53127
9.09375 0.70000 0.21167
9.09375 0.80000 0.15628
9.09375 0.90000 0.41657
9.12500 0.00000 0.00000
9.12500 0.10000 0.00000
9.12500 0.20000 0.14366
9.12500 0.30000 0.49642
9.12500 0.40000 0.80803
9.12500 0.50000 0.81977
9.12500 0.60000 0.53127
9.12500 0.70000 0.21167
9.12500 0.80000 0.15628
9.12500 0.90000 0.41657
9.15625 0.00000 0.00000
9.15625 0.10000 0.00000
9.15625 0.20000 0.14366
9.15625 0.30000 0.49642
9.15625 0.40000 0.80803
9.15625 0.50000 0.81977
9.15625 0.60000 0.53127
9.15625 0.70000 0.21167
9.15625 0.80000 0.15628
9.15625 0.90000 0.41657
9.18750 0.00000 0.00000
9.18750 0.10000 0.00000
9.18750 0.20000 0.14366
9.18750 0.30000 0.49642
9.18750 0.40000 0.80803
9.18750 0.50000 0.81977
9.18750 0.60000 0.53127
9.18750 0.70000 0.21167
9.18750 0.80000 0.15628
9.18750 0.90000 0.41657
9.21875 0.00000 0.00000
9.21875 0.10000 0.00000
9.21875 0.20000 0.14366
9.21875 0.30000 0.49642
9.21875 0.40000 0.80803
9.21875 0.50000 0.81977
9.21875 0.60000 0.53127
9.21875 0.70000 0.21167
9.21875 0.80000 0.15628
9.21875 0.90000 0.41657
9.25000 0.00000 0.00000
9.25000 0.10000 0.00000
9.25000 0.20000 0.14366
9.25000 0.30000 0.49642
9.25000 0.40000 0.80803
9.25000 0.50000 0.81977
9.25000 0.60000 0.53127
9.25000 0.70000 0.21167
9.25000 0.80000 0.15628
9.25000 0.90000 0.41657
9.28125 0.00000 0.00000
9.28125 0.10000 0.00000
9.28125 0.20000 0.14366
9.28125 0.30000 0.49642
9.28125 0.40000 0.80803
9.28125 0.50000 0.81977
9.28125 0.60000 0.53127
9.28125 0.70000 0.21167
9.28125 0.80000 0.15628
9.28125 0.90000 0.41657
9.31250 0.00000 0.00000
9.31250 0.10000 0.00000
9.31250 0.20000 0.14366
9.31250 0.30000 0.49642
9.31250 0.40000 0.80803
9.31250 0.50000 0.81977
9.31250 0.60000 0.53127
9.31250 0.70000 0.21167
9.31250 0.80000 0.15628
9.31250 0.90000 0.41657
9.34375 0.00000 0.00000
9.34375 0.10000 0.00000
9.34375 0.20000 0.14366
9.34375 0.30000 0.49642
9.34375 0.40000 0.80803
9.34375 0.50000 0.81977
9.34375 0.60000 0.53127
9.34375 0.70000 0.21167
9.34375 0.80000 0.15628
9.34375 0.90000 0.41657
9.37500 0.00000 0.00000
9.37500 0.10000 0.00000
9.37500 0.20000 0.14366
9.37500 0.30000 0.49642
9.37500 0.40000 0.80803
9.37500 0.50000 0.81977
9.37500 0.60000 0.53127
9.37500 0.70000 0.21167
9.37500 0.80000 0.15628
9.37500 0.90000 0.41657
9.40625 0.00000 0.00000
9.40625 0.10000 0.00000
9.40625 0.20000 0.14366
9.40625 0.30000 0.49642
9.40625 0.40000 0.80803
9.40625 0.50000 0.81977
9.40625 0.60000 0.53127
9.40625 0.70000 0.21167
9.40625 0.80000 0.15628
9.40625 0.90000 0.41657
9.43750 0.00000 0.00000
9.43750 0.10000 0.00000
9.43750 0.20000 0.14366
9.43750 0.30000 0.49642
9.43750 0.40000 0.80803
9.43750 0.50000 0.81977
9.43750 0.60000 0.53127
9.43750 0.70000 0.21167
9.43750 0.80000 0.15628
9.43750 0.90000 0.41657
9.46875 0.00000 0.00000
9.46875 0.10000 0.00000
9.46875 0.20000 0.14366
9.46875 0.30000 0.49642
9.46875 0.40000 0.80803
9.46875 0.50000 0.81977
9.46875 0.60000 0.53127
9.46875 0.70000 0.21167
9.46875 0.80000 0.15628
9.46875 0.90000 0.41657
9.50000 0.00000 0.00000
9.50000 0.10000 0.00000
9.50000 0.20000 0.14366
9.50000 0.30000 0.49642
9.50000 0.40000 0.80803
9.50000 0.50000 0.81977
9.50000 0.60000 0.53127
9.50000 0.70000 0.21167
9.50000 0.80000 0.15628
9.50000 0.90000 0.41657
9.53125 0.00000 0.00000
9.53125 0.10000 0.00000
9.53125 0.20000 0.14366
9.53125 0.30000 0.49642
9.53125 0.40000 0.80803
9.53125 0.50000 0.81977
9.53125 0.60000 0.53127
9.53125 0.70000 0.21167
9.53125 0.80000 0.15628
9.53125 0.90000 0.41657
9.56250 0.00000 0.00000
9.56250 0.10000 0.00000
9.56250 0.20000 0.14366
9.56250 0.30000 0.49642
9.56250 0.40000 0.80803
9.56250 0.50000 0.81977
9.56250 0.60000 0.53127
9.56250 0.70000 0.21167
9.56250 0.80000 0.15628
9.56250 0.90000 0.41657
9.59375 0.00000 0.00000
9.59375 0.10000 0.00000
9.59375 0.20000 0.14366
9.59375 0.30000 0.49642
9.59375 0.40000 0.80803
9.59375 0.50000 0.81977
9.59375 0.60000 0.53127
9.59375 0.70000 0.21167
9.59375 0.80000 0.15628
9.59375 0.90000 0.41657
9.62500 0.00000 0.00000
9.62500 0.10000 0.00000
9.62500 0.20000 0.14366
9.62500 0.30000 0.49642
9.62500 0.40000 0.80803
9.62500 0.50000 0.81977
9.62500 0.60000 0.53127
9.62500 0.70000 0.21167
9.62500 0.80000 0.15628
9.62500 0.90000 0.41657
9.65625 0.00000 0.00000
9.65625 0.10000 0.00000
9.65625 0.20000 0.14366
9.65625 0.30000 0.49642
9.65625 0.40000 0.80803
9.65625 0.50000 0.81977
9.65625 0.60000 0.53127
9.65625 0.70000 0.21167
9.65625 0.80000 0.15628
9.65625 0.90000 0.41657
9.68750 0.00000 0.00000
9.68750 0.10000 0.00000
9.68750 0.20000 0.14366
9.68750 0.30000 0.49642
9.68750 0.40000 0.80803
9.68750 0.50000 0.81977
9.68750 0.60000 0.53127
9.68750 0.70000 0.21167
9.68750 0.80000 0.15628
9.68750 0.90000 0.41657
9.71875 0.00000 0.00000
9.71875 0.10000 0.00000
9.71875 0.20000 0.14366
9.71875 0.30000 0.49642
9.71875 0.40000 0.80803
9.71875 0.50000 0.81977
9.71875 0.60000 0.53127
9.71875 0.70000 0.21167
9.71875 0.80000 0.15628
9.71875 0.90000 0.41657
9.75000 0.00000 0.00000
9.75000 0.10000 0.00000
9.75000 0.20000 0.14366
9.75000 0.30000 0.49642
9.75000 0.40000 0.80803
9.75000 0.50000 0.81977
9.75000 0.60000 0.53127
9.75000 0.70000 0.21167
9.75000 0.80000 0.15628
9.75000 0.90000 0.41657
9.78125 0.00000 0.00000
9.78125 0.10000 0.00000
9.78125 0.20000 0.14366
9.78125 0.30000 0.49642
9.78125 0.40000 0.80803
9.78125 0.50000 0.81977
9.78125 0.60000 0.53127
9.78125 0.70000 0.21167
9.78125 0.80000 0.15628
9.78125 0.90000 0.41657
9.81250 0.00000 0.00000
9.81250 0.10000 0.00000
9.81250 0.20000 0.14366
9.81250 0.30000 0.49642
9.81250 0.40000 0.80803
9.81250 0.50000 0.81977
9.81250 0.60000 0.53127
9.81250 0.70000 0.21167
9.81250 0.80000 0.15628
9.81250 0.90000 0.41657
9.84375 0.00000 0.00000
9.84375 0.10000 0.00000
9.84375 0.20000 0.14366
9.84375 0.30000 0.49642
9.84375 0.40000 0.80803
9.84375 0.50000 0.81977
9.84375 0.60000 0.53127
9.84375 0.70000 0.21167
9.84375 0.80000 0.15628
9.84375 0.90000 0.41657
9.87500 0.00000 0.00000
9.87500 0.10000 0.00000
9.87500 0.20000 0.14366
9.87500 0.30000 0.49642
9.87500 0.40000 0.80803
9.87500 0.50000 0.81977
9.87500 0.60000 0.53127
9.87500 0.70000 0.21167
9.87500 0.80000 0.15628
9.87500 0.90000 0.41657
9.90625 0.00000 0.00000
9.90625 0.10000 0.00000
9.90625 0.20000 0.14366
9.90625 0.30000 0.49642
9.90625 0.40000 0.80803
9.90625 0.50000 0.81977
9.90625 0.60000 0.53127
9.90625 0.70000 0.21167
9.90625 0.80000 0.15628
9.90625 0.90000 0.41657
9.93750 0.00000 0.00000
9.93750 0.10000 0.00000
9.93750 0.20000 0.14366
9.93750 0.30000 0.49642
9.93750 0.40000 0.80803
9.93750 0.50000 0.81977
9.93750 0.60000 0.53127
9.93750 0.70000 0.21167
9.93750 0.80000 0.15628
9.93750 0.90000 0.41657
9.96875 0.00000 0.00000
9.96875 0.10000 0.00000
9.96875 0.20000 0.14366
9.96875 0.30000 0.49642
9.96875 0.40000 0.80803
9.96875 0.50000 0.81977
9.96875 0.60000 0.53127
9.96875 0.70000 0.21167
9.96875 0.80000 0.15628
9.96875 0.90000 0.41657
